2021-04-18 12:33:29,557 - rootLogger - INFO - Excel file initialized successfully.
2021-04-18 12:33:29,560 - rootLogger - INFO - Config.properties file Loaded successfully.
2021-04-18 12:33:32,008 - rootLogger - INFO - Chrome Driver instance loaded successfully.
2021-04-18 12:35:04,243 - rootLogger - INFO - Successfully waited for Login Image Static to be present on page.
2021-04-18 12:35:04,325 - rootLogger - INFO - Successfully waited for User Name to be present on page.
2021-04-18 12:35:04,410 - rootLogger - INFO - Successfully entered sharlot_test in User Name textbox.
2021-04-18 12:35:04,517 - rootLogger - INFO - Successfully entered Zarca@NS3196 in User Password textbox.
2021-04-18 12:35:12,196 - rootLogger - INFO - Successfully clicked on Login element.
2021-04-18 12:35:13,331 - rootLogger - INFO - Successfully waited for Account settings to be present on page.
2021-04-18 12:35:13,338 - rootLogger - INFO - Performance_TC1 is PASSED.
2021-04-18 12:35:14,225 - rootLogger - INFO - Performance_TC10 is SKIPPED.
2021-04-18 12:35:14,269 - rootLogger - INFO - Performance_TC11 is SKIPPED.
2021-04-18 12:35:14,315 - rootLogger - INFO - Performance_TC2 is SKIPPED.
2021-04-18 12:35:14,354 - rootLogger - INFO - Performance_TC3 is SKIPPED.
2021-04-18 12:35:14,391 - rootLogger - INFO - Performance_TC4 is SKIPPED.
2021-04-18 12:35:14,427 - rootLogger - INFO - Performance_TC5 is SKIPPED.
2021-04-18 12:35:14,472 - rootLogger - INFO - Performance_TC6 is SKIPPED.
2021-04-18 12:35:14,510 - rootLogger - INFO - Performance_TC7 is SKIPPED.
2021-04-18 12:35:14,545 - rootLogger - INFO - Performance_TC8 is SKIPPED.
2021-04-18 12:35:14,584 - rootLogger - INFO - Performance_TC9 is SKIPPED.
2021-04-18 12:35:15,379 - rootLogger - INFO - Excel file initialized successfully.
2021-04-18 12:35:15,380 - rootLogger - INFO - Config.properties file Loaded successfully.
2021-04-18 12:35:15,493 - rootLogger - INFO - PlatformReadings_TC1 is SKIPPED.
2021-04-18 12:35:15,582 - rootLogger - INFO - PlatformReadings_TC10 is SKIPPED.
2021-04-18 12:35:15,665 - rootLogger - INFO - PlatformReadings_TC11 is SKIPPED.
2021-04-18 12:35:15,792 - rootLogger - INFO - PlatformReadings_TC12 is SKIPPED.
2021-04-18 12:35:15,900 - rootLogger - INFO - PlatformReadings_TC13 is SKIPPED.
2021-04-18 12:35:15,988 - rootLogger - INFO - PlatformReadings_TC14 is SKIPPED.
2021-04-18 12:35:17,644 - rootLogger - INFO - Chrome Driver instance loaded successfully.
2021-04-18 12:35:23,377 - rootLogger - INFO - Successfully waited for Login Image Static to be present on page.
2021-04-18 12:35:23,425 - rootLogger - INFO - Successfully waited for User Name to be present on page.
2021-04-18 12:35:23,482 - rootLogger - INFO - Successfully entered ruksar_test in User Name textbox.
2021-04-18 12:35:23,550 - rootLogger - INFO - Successfully entered welcome29 in User Password textbox.
2021-04-18 12:35:34,811 - rootLogger - INFO - Successfully clicked on Login element.
2021-04-18 12:35:35,918 - rootLogger - INFO - Successfully waited for Account settings to be present on page.
2021-04-18 12:35:36,040 - rootLogger - INFO - Successfully clicked on All Projects element.
2021-04-18 12:35:41,664 - rootLogger - INFO - Successfully waited for loader to disappear.
2021-04-18 12:35:41,736 - rootLogger - INFO - Successfully waited for loader to disappear.
2021-04-18 12:35:41,813 - rootLogger - INFO - Successfully switch to All project dashboard Iframe
2021-04-18 12:35:41,877 - rootLogger - INFO - Successfully waited for Main Folder to be present on page.
2021-04-18 12:35:42,084 - rootLogger - INFO - Successfully entered RMX Readings in Search Bar textbox.
2021-04-18 12:35:45,577 - rootLogger - INFO - Successfully clicked on Search Icon element.
2021-04-18 12:35:45,910 - rootLogger - INFO - Successfully waited for Publish Icon to be present on page.
2021-04-18 12:35:46,133 - rootLogger - INFO - Successfully clicked on Publish Icon element.
2021-04-18 12:35:52,131 - rootLogger - INFO - Successfully waited for Quick send button to be present on page.
2021-04-18 12:36:05,760 - rootLogger - INFO - Successfully clicked on Report Tab element.
2021-04-18 12:36:06,908 - rootLogger - INFO - Successfully waited for OMNI Report Button to be present on page.
2021-04-18 12:36:07,016 - rootLogger - INFO - Successfully clicked on Legacy Reports element.
2021-04-18 12:36:07,071 - rootLogger - INFO - Successfully waited for Legacy Reports - Menu to be present on page.
2021-04-18 12:36:07,145 - rootLogger - INFO - Successfully clicked on Response Trend element.
2021-04-18 12:36:12,885 - rootLogger - INFO - Successfully waited for Response Trend Header to be present on page.
2021-04-18 12:36:12,886 - rootLogger - INFO - PlatformReadings_TC15 is PASSED.
2021-04-18 12:36:13,939 - rootLogger - INFO - PlatformReadings_TC16 is SKIPPED.
2021-04-18 12:36:14,010 - rootLogger - INFO - PlatformReadings_TC17 is SKIPPED.
2021-04-18 12:36:14,093 - rootLogger - INFO - PlatformReadings_TC18 is SKIPPED.
2021-04-18 12:36:14,170 - rootLogger - INFO - PlatformReadings_TC2 is SKIPPED.
2021-04-18 12:36:14,255 - rootLogger - INFO - PlatformReadings_TC3 is SKIPPED.
2021-04-18 12:36:14,368 - rootLogger - INFO - PlatformReadings_TC4 is SKIPPED.
2021-04-18 12:36:14,475 - rootLogger - INFO - PlatformReadings_TC5 is SKIPPED.
2021-04-18 12:36:14,570 - rootLogger - INFO - PlatformReadings_TC6 is SKIPPED.
2021-04-18 12:36:14,664 - rootLogger - INFO - PlatformReadings_TC7 is SKIPPED.
2021-04-18 12:36:14,741 - rootLogger - INFO - PlatformReadings_TC8 is SKIPPED.
2021-04-18 12:36:14,824 - rootLogger - INFO - PlatformReadings_TC9 is SKIPPED.
