2020-11-25 20:37:51,696 - rootLogger - INFO - Excel file initialized successfully.
2020-11-25 20:37:51,700 - rootLogger - INFO - Config.properties file Loaded successfully.
2020-11-25 20:37:51,884 - rootLogger - INFO - Smoke_TC1 is SKIPPED.
2020-11-25 20:37:51,995 - rootLogger - INFO - Excel file initialized successfully.
2020-11-25 20:37:51,995 - rootLogger - INFO - Config.properties file Loaded successfully.
2020-11-25 20:37:56,481 - rootLogger - INFO - Chrome Driver instance loaded successfully.
2020-11-25 20:38:00,570 - rootLogger - INFO - Successfully waited for User Name to be present on page.
2020-11-25 20:38:00,840 - rootLogger - INFO - Successfully entered gjoy_test in User Name textbox.
2020-11-25 20:38:00,958 - rootLogger - INFO - Successfully entered Eighth8# in User Password textbox.
2020-11-25 20:38:09,536 - rootLogger - INFO - Successfully clicked on Login element.
2020-11-25 20:38:12,659 - rootLogger - INFO - Successfully waited for Sogo Account to be present on page.
2020-11-25 20:38:12,733 - rootLogger - INFO - Successfully waited for Create Project Button to be present on page.
2020-11-25 20:38:12,814 - rootLogger - INFO - Successfully clicked on Create Project Button element.
2020-11-25 20:38:15,083 - rootLogger - INFO - Successfully waited for loader to disappear.
2020-11-25 20:38:15,169 - rootLogger - INFO - Successfully waited for loader to disappear.
2020-11-25 20:38:15,228 - rootLogger - INFO - Successfully waited for Where would you like to begin? to be present on page.
2020-11-25 20:38:15,279 - rootLogger - INFO - Successfully waited for Iframe to be present on page.
2020-11-25 20:38:16,413 - rootLogger - INFO - Successfully waited for Survey Button to be present on page.
2020-11-25 20:38:16,548 - rootLogger - INFO - Successfully clicked on Survey Button element.
2020-11-25 20:38:17,601 - rootLogger - INFO - Successfully waited for loader to disappear.
2020-11-25 20:38:17,646 - rootLogger - INFO - Successfully waited for loader to disappear.
2020-11-25 20:38:17,706 - rootLogger - INFO - Successfully waited for Start with a Blank Survey Button to be present on page.
2020-11-25 20:38:17,806 - rootLogger - INFO - Successfully clicked on Start with a Blank Survey Button element.
2020-11-25 20:38:18,895 - rootLogger - INFO - Successfully waited for loader to disappear.
2020-11-25 20:38:18,958 - rootLogger - INFO - Successfully waited for loader to disappear.
2020-11-25 20:38:19,018 - rootLogger - INFO - Successfully waited for Continue Button to be present on page.
2020-11-25 20:38:20,122 - rootLogger - INFO - Successfully clicked on Continue Button element.
2020-11-25 20:38:22,848 - rootLogger - INFO - Successfully waited for loader to disappear.
2020-11-25 20:38:22,953 - rootLogger - INFO - Successfully waited for loader to disappear.
2020-11-25 20:38:23,029 - rootLogger - INFO - Successfully waited for Create New Survey Label to be present on page.
2020-11-25 20:38:23,093 - rootLogger - INFO - Successfully waited for Survey Name to be present on page.
2020-11-25 20:38:23,195 - rootLogger - INFO - Successfully entered SMx DP - 25-Nov-2020 20:38:23 in Survey Name textbox.
2020-11-25 20:38:23,264 - rootLogger - INFO - Successfully waited for Select Folder to be present on page.
2020-11-25 20:38:23,352 - rootLogger - INFO - Successfully clicked on Select Folder element.
2020-11-25 20:38:23,413 - rootLogger - INFO - Successfully waited for Main to be present on page.
2020-11-25 20:38:23,702 - rootLogger - INFO - Successfully clicked on Main element.
2020-11-25 20:38:23,814 - rootLogger - INFO - Successfully waited for Primary Langugage Drop down to be present on page.
2020-11-25 20:38:25,091 - rootLogger - INFO - Successfully clicked on Secondary Language Switch element.
2020-11-25 20:38:25,156 - rootLogger - INFO - Successfully waited for Secondary Langugage Drop down to be present on page.
2020-11-25 20:38:25,267 - rootLogger - INFO - Successfully clicked on Secondary Langugage Drop down element.
2020-11-25 20:38:25,326 - rootLogger - INFO - Successfully waited for Secondary Langugage Drop down Search to be present on page.
2020-11-25 20:38:25,535 - rootLogger - INFO - Successfully entered Spanish in Secondary Langugage Drop down Search textbox.
2020-11-25 20:38:27,604 - rootLogger - INFO - Successfully waited for Spanish to be present on page.
2020-11-25 20:38:27,703 - rootLogger - INFO - Successfully clicked on Spanish element.
2020-11-25 20:38:27,773 - rootLogger - INFO - Successfully waited for Start Button to be present on page.
2020-11-25 20:38:27,870 - rootLogger - INFO - Successfully clicked on Start Button element.
2020-11-25 20:38:38,139 - rootLogger - INFO - Successfully waited for loader to disappear.
2020-11-25 20:38:38,194 - rootLogger - INFO - Successfully waited for loader to disappear.
2020-11-25 20:38:38,244 - rootLogger - INFO - Successfully waited for SMx DP - 25-Nov-2020 20:38:23 to be present on page.
2020-11-25 20:38:38,306 - rootLogger - INFO - Successfully waited for Description Button to be present on page.
2020-11-25 20:38:38,673 - rootLogger - INFO - Successfully double clicked on Description Button element.
2020-11-25 20:38:39,850 - rootLogger - INFO - Successfully waited for loader to disappear.
2020-11-25 20:38:39,897 - rootLogger - INFO - Successfully waited for loader to disappear.
2020-11-25 20:38:47,911 - rootLogger - INFO - Successfully waited for Iframe Button to be present on page.
2020-11-25 20:38:48,146 - rootLogger - INFO - Successfully waited for Description Text Input to be present on page.
2020-11-25 20:38:48,465 - rootLogger - INFO - Successfully entered This survey is for manufacturers and product distributors to get a sense of how current and prospective customers responded to a particular product. in Description Text Input textbox.
2020-11-25 20:38:48,580 - rootLogger - INFO - Successfully waited for Save Button to be present on page.
2020-11-25 20:38:48,707 - rootLogger - INFO - Successfully clicked on Save Button element.
2020-11-25 20:38:49,908 - rootLogger - INFO - Successfully waited for loader to disappear.
2020-11-25 20:38:49,964 - rootLogger - INFO - Successfully waited for loader to disappear.
2020-11-25 20:38:50,039 - rootLogger - INFO - Successfully waited for Description Added This survey is for manufacturers and product distributors to get a sense of how current and prospective customers responded to a particular product. to be present on page.
2020-11-25 20:38:50,111 - rootLogger - INFO - Successfully waited for Net Promoter Button to be present on page.
2020-11-25 20:38:50,374 - rootLogger - INFO - Successfully double clicked on Net Promoter Button element.
2020-11-25 20:38:51,189 - rootLogger - INFO - Successfully waited for loader to disappear.
2020-11-25 20:38:51,524 - rootLogger - INFO - Successfully waited for Iframe Button to be present on page.
2020-11-25 20:38:51,712 - rootLogger - INFO - Successfully waited for Description Text Input to be present on page.
2020-11-25 20:38:51,745 - rootLogger - INFO - Successfully fetched text How likely is it that you would recommend [company / brand / product / service] to a friend or colleague? from Description Text Input
2020-11-25 20:38:51,840 - rootLogger - INFO - Successfully waited for Save Button to be present on page.
2020-11-25 20:38:52,021 - rootLogger - INFO - Successfully clicked on Save Button element.
2020-11-25 20:38:53,619 - rootLogger - INFO - Successfully waited for loader to disappear.
2020-11-25 20:38:53,668 - rootLogger - INFO - Successfully waited for Net Promoter Label Added How likely is it that you would recommend [company / brand / product / service] to a friend or colleague? to be present on page.
2020-11-25 20:38:53,732 - rootLogger - INFO - Successfully waited for Net Promoter Label Added How likely is it that you would recommend [company / brand / product / service] to a friend or colleague? to be present on page.
2020-11-25 20:38:53,787 - rootLogger - INFO - Successfully waited for Text Box Button to be present on page.
2020-11-25 20:38:54,017 - rootLogger - INFO - Successfully double clicked on Text Box Button element.
2020-11-25 20:38:55,009 - rootLogger - INFO - Successfully waited for loader to disappear.
2020-11-25 20:38:55,386 - rootLogger - INFO - Successfully waited for Iframe Button to be present on page.
2020-11-25 20:38:55,585 - rootLogger - INFO - Successfully waited for Description Text Input to be present on page.
2020-11-25 20:38:55,738 - rootLogger - INFO - Successfully entered What are the specific details of the product / service. in Description Text Input textbox.
2020-11-25 20:38:55,829 - rootLogger - INFO - Successfully waited for Save Button to be present on page.
2020-11-25 20:38:55,998 - rootLogger - INFO - Successfully clicked on Save Button element.
2020-11-25 20:38:57,562 - rootLogger - INFO - Successfully waited for loader to disappear.
2020-11-25 20:38:57,616 - rootLogger - INFO - Successfully waited for Text Box Label Added What are the specific details of the product / service. to be present on page.
2020-11-25 20:38:57,677 - rootLogger - INFO - Successfully waited for Text Box Added What are the specific details of the product / service. to be present on page.
2020-11-25 20:38:57,732 - rootLogger - INFO - Successfully waited for Radio Button to be present on page.
2020-11-25 20:38:57,960 - rootLogger - INFO - Successfully double clicked on Radio Button element.
2020-11-25 20:38:59,314 - rootLogger - INFO - Successfully waited for loader to disappear.
2020-11-25 20:38:59,578 - rootLogger - INFO - Successfully waited for Iframe Button to be present on page.
2020-11-25 20:38:59,723 - rootLogger - INFO - Successfully waited for Description Text Input to be present on page.
2020-11-25 20:38:59,850 - rootLogger - INFO - Successfully entered Where did you last purchase THE PRODUCT? in Description Text Input textbox.
2020-11-25 20:38:59,958 - rootLogger - INFO - Successfully waited for Answer Library Button to be present on page.
2020-11-25 20:39:00,060 - rootLogger - INFO - Successfully clicked on Answer Library Button element.
2020-11-25 20:39:00,129 - rootLogger - INFO - Successfully waited for Get Answer Options from Answer Library Button to be present on page.
2020-11-25 20:39:01,648 - rootLogger - INFO - Successfully clicked on Get Answer Options from Answer Library Button element.
2020-11-25 20:39:01,753 - rootLogger - INFO - Successfully waited for Ansers Library Button to be present on page.
2020-11-25 20:39:01,866 - rootLogger - INFO - Successfully waited for Iframe Answer Options to be present on page.
2020-11-25 20:39:02,078 - rootLogger - INFO - Successfully waited for Endorsement to be present on page.
2020-11-25 20:39:02,196 - rootLogger - INFO - Successfully clicked on Endorsement element.
2020-11-25 20:39:02,268 - rootLogger - INFO - Successfully waited for Use this list Button to be present on page.
2020-11-25 20:39:02,680 - rootLogger - INFO - Successfully clicked on Use this list Button element.
2020-11-25 20:39:02,785 - rootLogger - INFO - Successfully waited for Other checkbox to be present on page.
2020-11-25 20:39:02,971 - rootLogger - INFO - Successfully clicked on Other checkbox element.
2020-11-25 20:39:03,017 - rootLogger - INFO - Successfully waited for Save Button to be present on page.
2020-11-25 20:39:03,139 - rootLogger - INFO - Successfully clicked on Save Button element.
2020-11-25 20:39:04,749 - rootLogger - INFO - Successfully waited for loader to disappear.
2020-11-25 20:39:04,809 - rootLogger - INFO - Successfully waited for Radio Buttons Label Added Where did you last purchase THE PRODUCT? to be present on page.
2020-11-25 20:39:04,857 - rootLogger - INFO - Successfully waited for Radio Buttons Added Where did you last purchase THE PRODUCT? to be present on page.
2020-11-25 20:39:04,926 - rootLogger - INFO - Successfully waited for Check Box Button to be present on page.
2020-11-25 20:39:05,187 - rootLogger - INFO - Successfully double clicked on Check Box Button element.
2020-11-25 20:39:06,185 - rootLogger - INFO - Successfully waited for loader to disappear.
2020-11-25 20:39:06,601 - rootLogger - INFO - Successfully waited for Iframe Button to be present on page.
2020-11-25 20:39:06,757 - rootLogger - INFO - Successfully waited for Description Text Input to be present on page.
2020-11-25 20:39:06,880 - rootLogger - INFO - Successfully entered Please select your choices from the list in Description Text Input textbox.
2020-11-25 20:39:06,968 - rootLogger - INFO - Successfully waited for Answer Library Button to be present on page.
2020-11-25 20:39:07,079 - rootLogger - INFO - Successfully clicked on Answer Library Button element.
2020-11-25 20:39:07,149 - rootLogger - INFO - Successfully waited for Get Answer Options from Answer Library Button to be present on page.
2020-11-25 20:39:08,026 - rootLogger - INFO - Successfully clicked on Get Answer Options from Answer Library Button element.
2020-11-25 20:39:08,105 - rootLogger - INFO - Successfully waited for Ansers Library Button to be present on page.
2020-11-25 20:39:08,201 - rootLogger - INFO - Successfully waited for Iframe Answer Options to be present on page.
2020-11-25 20:39:08,438 - rootLogger - INFO - Successfully waited for Endorsement to be present on page.
2020-11-25 20:39:08,556 - rootLogger - INFO - Successfully clicked on Endorsement element.
2020-11-25 20:39:08,601 - rootLogger - INFO - Successfully waited for Use this list Button to be present on page.
2020-11-25 20:39:08,968 - rootLogger - INFO - Successfully clicked on Use this list Button element.
2020-11-25 20:39:09,070 - rootLogger - INFO - Successfully waited for None of Above to be present on page.
2020-11-25 20:39:09,247 - rootLogger - INFO - Successfully clicked on None of Above element.
2020-11-25 20:39:09,288 - rootLogger - INFO - Successfully waited for Save Button to be present on page.
2020-11-25 20:39:09,431 - rootLogger - INFO - Successfully clicked on Save Button element.
2020-11-25 20:39:10,479 - rootLogger - INFO - Successfully waited for loader to disappear.
2020-11-25 20:39:10,551 - rootLogger - INFO - Successfully waited for Check Box Label Added Please select your choices from the list to be present on page.
2020-11-25 20:39:10,607 - rootLogger - INFO - Successfully waited for Check Box Added Please select your choices from the list to be present on page.
2020-11-25 20:39:10,677 - rootLogger - INFO - Successfully waited for Drop Down Button to be present on page.
2020-11-25 20:39:10,919 - rootLogger - INFO - Successfully double clicked on Drop Down Button element.
2020-11-25 20:39:12,213 - rootLogger - INFO - Successfully waited for loader to disappear.
2020-11-25 20:39:12,627 - rootLogger - INFO - Successfully waited for Iframe Button to be present on page.
2020-11-25 20:39:12,789 - rootLogger - INFO - Successfully waited for Description Text Input to be present on page.
2020-11-25 20:39:12,911 - rootLogger - INFO - Successfully entered How long have you been our customer? in Description Text Input textbox.
2020-11-25 20:39:13,001 - rootLogger - INFO - Successfully waited for Answer Library Button to be present on page.
2020-11-25 20:39:13,123 - rootLogger - INFO - Successfully clicked on Answer Library Button element.
2020-11-25 20:39:13,198 - rootLogger - INFO - Successfully waited for Get Answer Options from Answer Library Button to be present on page.
2020-11-25 20:39:15,121 - rootLogger - INFO - Successfully clicked on Get Answer Options from Answer Library Button element.
2020-11-25 20:39:15,242 - rootLogger - INFO - Successfully waited for Ansers Library Button to be present on page.
2020-11-25 20:39:15,326 - rootLogger - INFO - Successfully waited for Iframe Answer Options to be present on page.
2020-11-25 20:39:15,586 - rootLogger - INFO - Successfully waited for Endorsement to be present on page.
2020-11-25 20:39:15,692 - rootLogger - INFO - Successfully clicked on Endorsement element.
2020-11-25 20:39:15,737 - rootLogger - INFO - Successfully waited for Use this list Button to be present on page.
2020-11-25 20:39:16,118 - rootLogger - INFO - Successfully clicked on Use this list Button element.
2020-11-25 20:39:16,225 - rootLogger - INFO - Successfully waited for Other checkbox to be present on page.
2020-11-25 20:39:16,415 - rootLogger - INFO - Successfully clicked on Other checkbox element.
2020-11-25 20:39:16,472 - rootLogger - INFO - Successfully waited for Save Button to be present on page.
2020-11-25 20:39:16,598 - rootLogger - INFO - Successfully clicked on Save Button element.
2020-11-25 20:39:18,394 - rootLogger - INFO - Successfully waited for loader to disappear.
2020-11-25 20:39:18,446 - rootLogger - INFO - Successfully waited for Drop Down Label Added How long have you been our customer? to be present on page.
2020-11-25 20:39:18,507 - rootLogger - INFO - Successfully waited for Drop Down Added How long have you been our customer? to be present on page.
2020-11-25 20:39:18,578 - rootLogger - INFO - Successfully waited for Demographics Button to be present on page.
2020-11-25 20:39:18,823 - rootLogger - INFO - Successfully double clicked on Demographics Button element.
2020-11-25 20:39:19,608 - rootLogger - INFO - Successfully waited for loader to disappear.
2020-11-25 20:39:20,074 - rootLogger - INFO - Successfully waited for Iframe Button to be present on page.
2020-11-25 20:39:20,317 - rootLogger - INFO - Successfully waited for Description Text Input to be present on page.
2020-11-25 20:39:20,445 - rootLogger - INFO - Successfully entered Please fill below information. in Description Text Input textbox.
2020-11-25 20:39:20,578 - rootLogger - INFO - Successfully waited for Demographics Name to be present on page.
2020-11-25 20:39:20,912 - rootLogger - INFO - Successfully clicked on Demographics Name element.
2020-11-25 20:39:20,979 - rootLogger - INFO - Successfully waited for Demographics Name: Title to be present on page.
2020-11-25 20:39:21,271 - rootLogger - INFO - Successfully clicked on Demographics Name: Title element.
2020-11-25 20:39:21,335 - rootLogger - INFO - Successfully waited for Demographics Name: First Name to be present on page.
2020-11-25 20:39:21,503 - rootLogger - INFO - Successfully clicked on Demographics Name: First Name element.
2020-11-25 20:39:21,587 - rootLogger - INFO - Successfully waited for Demographics Name: Middle Name to be present on page.
2020-11-25 20:39:21,769 - rootLogger - INFO - Successfully clicked on Demographics Name: Middle Name element.
2020-11-25 20:39:21,837 - rootLogger - INFO - Successfully waited for Demographics Name: Last Name to be present on page.
2020-11-25 20:39:22,026 - rootLogger - INFO - Successfully clicked on Demographics Name: Last Name element.
2020-11-25 20:39:22,105 - rootLogger - INFO - Successfully waited for Demographics Gender to be present on page.
2020-11-25 20:39:22,313 - rootLogger - INFO - Successfully clicked on Demographics Gender element.
2020-11-25 20:39:22,386 - rootLogger - INFO - Successfully waited for Demographics Date of Birth to be present on page.
2020-11-25 20:39:22,637 - rootLogger - INFO - Successfully clicked on Demographics Date of Birth element.
2020-11-25 20:39:22,713 - rootLogger - INFO - Successfully waited for Demographics Address to be present on page.
2020-11-25 20:39:22,865 - rootLogger - INFO - Successfully clicked on Demographics Address element.
2020-11-25 20:39:22,935 - rootLogger - INFO - Successfully waited for Demographics Address: Street 1 to be present on page.
2020-11-25 20:39:23,170 - rootLogger - INFO - Successfully clicked on Demographics Address: Street 1 element.
2020-11-25 20:39:23,248 - rootLogger - INFO - Successfully waited for Demographics Address: Street 2 to be present on page.
2020-11-25 20:39:23,561 - rootLogger - INFO - Successfully clicked on Demographics Address: Street 2 element.
2020-11-25 20:39:23,635 - rootLogger - INFO - Successfully waited for Demographics Address: City to be present on page.
2020-11-25 20:39:23,852 - rootLogger - INFO - Successfully clicked on Demographics Address: City element.
2020-11-25 20:39:23,916 - rootLogger - INFO - Successfully waited for Demographics Address: Country to be present on page.
2020-11-25 20:39:24,146 - rootLogger - INFO - Successfully clicked on Demographics Address: Country element.
2020-11-25 20:39:24,231 - rootLogger - INFO - Successfully waited for Demographics Address: State to be present on page.
2020-11-25 20:39:24,484 - rootLogger - INFO - Successfully clicked on Demographics Address: State element.
2020-11-25 20:39:24,561 - rootLogger - INFO - Successfully waited for Demographics Address: ZIP to be present on page.
2020-11-25 20:39:24,919 - rootLogger - INFO - Successfully clicked on Demographics Address: ZIP element.
2020-11-25 20:39:24,994 - rootLogger - INFO - Successfully waited for Demographics Telephone/FAX to be present on page.
2020-11-25 20:39:25,177 - rootLogger - INFO - Successfully clicked on Demographics Telephone/FAX element.
2020-11-25 20:39:25,245 - rootLogger - INFO - Successfully waited for Demographics Telephone/FAX: Telephone to be present on page.
2020-11-25 20:39:25,492 - rootLogger - INFO - Successfully clicked on Demographics Telephone/FAX: Telephone element.
2020-11-25 20:39:25,558 - rootLogger - INFO - Successfully waited for Demographics Telephone/FAX: Extension to be present on page.
2020-11-25 20:39:25,836 - rootLogger - INFO - Successfully clicked on Demographics Telephone/FAX: Extension element.
2020-11-25 20:39:25,916 - rootLogger - INFO - Successfully waited for Demographics Telephone/FAX: Fax to be present on page.
2020-11-25 20:39:26,215 - rootLogger - INFO - Successfully clicked on Demographics Telephone/FAX: Fax element.
2020-11-25 20:39:26,291 - rootLogger - INFO - Successfully waited for Demographics Email Address to be present on page.
2020-11-25 20:39:26,559 - rootLogger - INFO - Successfully clicked on Demographics Email Address element.
2020-11-25 20:39:26,633 - rootLogger - INFO - Successfully waited for Demographics Require to re-enter email address to be present on page.
2020-11-25 20:39:26,868 - rootLogger - INFO - Successfully clicked on Demographics Require to re-enter email address element.
2020-11-25 20:39:26,960 - rootLogger - INFO - Successfully waited for Save Button to be present on page.
2020-11-25 20:39:27,183 - rootLogger - INFO - Successfully clicked on Save Button element.
2020-11-25 20:39:29,887 - rootLogger - INFO - Successfully waited for loader to disappear.
2020-11-25 20:39:29,970 - rootLogger - INFO - Successfully waited for Demographics Label Added Please fill below information. to be present on page.
2020-11-25 20:39:30,037 - rootLogger - INFO - Successfully waited for Demographics Added Please fill below information. to be present on page.
2020-11-25 20:39:30,140 - rootLogger - INFO - Successfully waited for Rating Scale Button to be present on page.
2020-11-25 20:39:30,382 - rootLogger - INFO - Successfully double clicked on Rating Scale Button element.
2020-11-25 20:39:31,494 - rootLogger - INFO - Successfully waited for loader to disappear.
2020-11-25 20:39:31,867 - rootLogger - INFO - Successfully waited for Iframe Button to be present on page.
2020-11-25 20:39:32,027 - rootLogger - INFO - Successfully waited for Description Text Input to be present on page.
2020-11-25 20:39:32,249 - rootLogger - INFO - Successfully entered How likely is it that you would recommend our company to a friend or colleague? in Description Text Input textbox.
2020-11-25 20:39:33,443 - rootLogger - INFO - Successfully waited for Show N/A option to be present on page.
2020-11-25 20:39:34,668 - rootLogger - INFO - Successfully clicked on Show N/A option element.
2020-11-25 20:39:35,247 - rootLogger - INFO - Successfully waited for Show scale in reverse order to be present on page.
2020-11-25 20:39:35,421 - rootLogger - INFO - Successfully clicked on Show scale in reverse order element.
2020-11-25 20:39:36,011 - rootLogger - INFO - Successfully waited for Show participant rating field to be present on page.
2020-11-25 20:39:36,157 - rootLogger - INFO - Successfully clicked on Show participant rating field element.
2020-11-25 20:39:37,338 - rootLogger - INFO - Successfully waited for Save Button to be present on page.
2020-11-25 20:39:37,511 - rootLogger - INFO - Successfully clicked on Save Button element.
2020-11-25 20:39:39,415 - rootLogger - INFO - Successfully waited for loader to disappear.
2020-11-25 20:39:39,573 - rootLogger - INFO - Successfully waited for Rating Scale Added How likely is it that you would recommend our company to a friend or colleague? to be present on page.
2020-11-25 20:39:40,209 - rootLogger - INFO - Successfully waited for Rating Scale Added How likely is it that you would recommend our company to a friend or colleague? to be present on page.
2020-11-25 20:39:40,282 - rootLogger - INFO - Successfully waited for Symbol Rating Scale Button to be present on page.
2020-11-25 20:39:40,531 - rootLogger - INFO - Successfully double clicked on Symbol Rating Scale Button element.
2020-11-25 20:39:45,055 - rootLogger - INFO - Successfully waited for loader to disappear.
2020-11-25 20:39:45,657 - rootLogger - INFO - Successfully waited for Iframe Button to be present on page.
2020-11-25 20:39:45,804 - rootLogger - INFO - Successfully waited for Description Text Input to be present on page.
2020-11-25 20:39:46,025 - rootLogger - INFO - Successfully entered Please indicate the extent to which you agree with the following statements. in Description Text Input textbox.
2020-11-25 20:39:46,172 - rootLogger - INFO - Successfully waited for Number of Sub Questions to be present on page.
2020-11-25 20:39:47,249 - rootLogger - INFO - Successfully waited for Sub Question 1 to be present on page.
2020-11-25 20:39:47,554 - rootLogger - INFO - Successfully entered The company clearly conveys its mission to its employees. in Sub Question 1 textbox.
2020-11-25 20:39:48,183 - rootLogger - INFO - Successfully waited for Sub Question 1 Scale to be present on page.
2020-11-25 20:39:48,928 - rootLogger - INFO - Successfully waited for Sub Question 2 to be present on page.
2020-11-25 20:39:49,226 - rootLogger - INFO - Successfully entered There is good communication from managers to employees. in Sub Question 2 textbox.
2020-11-25 20:39:49,835 - rootLogger - INFO - Successfully waited for Sub Question 2 Scale to be present on page.
2020-11-25 20:39:50,921 - rootLogger - INFO - Successfully waited for Sub Question 3 to be present on page.
2020-11-25 20:39:51,203 - rootLogger - INFO - Successfully entered I have the tools and resources I need to do my job.  in Sub Question 3 textbox.
2020-11-25 20:39:51,815 - rootLogger - INFO - Successfully waited for Sub Question 3 Scale to be present on page.
2020-11-25 20:39:52,911 - rootLogger - INFO - Successfully waited for Sub Question 4 to be present on page.
2020-11-25 20:39:53,209 - rootLogger - INFO - Successfully entered I have the training I need to do my job.  in Sub Question 4 textbox.
2020-11-25 20:39:53,830 - rootLogger - INFO - Successfully waited for Sub Question 4 Scale to be present on page.
2020-11-25 20:39:54,912 - rootLogger - INFO - Successfully waited for Sub Question 5 to be present on page.
2020-11-25 20:39:55,142 - rootLogger - INFO - Successfully entered I feel underutilized in my job.  in Sub Question 5 textbox.
2020-11-25 20:39:55,721 - rootLogger - INFO - Successfully waited for Sub Question 5 Scale to be present on page.
2020-11-25 20:39:56,825 - rootLogger - INFO - Successfully waited for Sub Question 6 to be present on page.
2020-11-25 20:39:57,093 - rootLogger - INFO - Successfully entered The amount of work expected of me is reasonable.  in Sub Question 6 textbox.
2020-11-25 20:39:57,697 - rootLogger - INFO - Successfully waited for Sub Question 6 Scale to be present on page.
2020-11-25 20:39:58,814 - rootLogger - INFO - Successfully waited for Save Button to be present on page.
2020-11-25 20:39:59,315 - rootLogger - INFO - Successfully clicked on Save Button element.
2020-11-25 20:40:02,253 - rootLogger - INFO - Successfully waited for loader to disappear.
2020-11-25 20:40:02,310 - rootLogger - INFO - Successfully waited for Symbol Rating Scale Added Please indicate the extent to which you agree with the following statements. to be present on page.
2020-11-25 20:40:02,375 - rootLogger - INFO - Successfully waited for Symbol Rating Scale Added Please indicate the extent to which you agree with the following statements. to be present on page.
2020-11-25 20:40:02,471 - rootLogger - INFO - Successfully waited for Like/Dislike Button to be present on page.
2020-11-25 20:40:02,720 - rootLogger - INFO - Successfully double clicked on Like/Dislike Button element.
2020-11-25 20:40:04,711 - rootLogger - INFO - Successfully waited for loader to disappear.
2020-11-25 20:40:05,012 - rootLogger - INFO - Successfully waited for Iframe Button to be present on page.
2020-11-25 20:40:05,188 - rootLogger - INFO - Successfully waited for Description Text Input to be present on page.
2020-11-25 20:40:05,475 - rootLogger - INFO - Successfully entered Do you use THE PRODUCT all of the time or rarely when PERFORMING THE FUNCTION FOR WHICH ITS DESIGNED? in Description Text Input textbox.
2020-11-25 20:40:05,624 - rootLogger - INFO - Successfully waited for Save Button to be present on page.
2020-11-25 20:40:05,830 - rootLogger - INFO - Successfully clicked on Save Button element.
2020-11-25 20:40:08,953 - rootLogger - INFO - Successfully waited for loader to disappear.
2020-11-25 20:40:09,013 - rootLogger - INFO - Successfully waited for Like/Dislike Added Do you use THE PRODUCT all of the time or rarely when PERFORMING THE FUNCTION FOR WHICH ITS DESIGNED? to be present on page.
2020-11-25 20:40:09,075 - rootLogger - INFO - Successfully waited for Like/Dislike Added Do you use THE PRODUCT all of the time or rarely when PERFORMING THE FUNCTION FOR WHICH ITS DESIGNED? to be present on page.
2020-11-25 20:40:09,147 - rootLogger - INFO - Successfully waited for Ranking Button to be present on page.
2020-11-25 20:40:09,427 - rootLogger - INFO - Successfully double clicked on Ranking Button element.
2020-11-25 20:40:11,035 - rootLogger - INFO - Successfully waited for loader to disappear.
2020-11-25 20:40:11,335 - rootLogger - INFO - Successfully waited for Iframe Button to be present on page.
2020-11-25 20:40:11,443 - rootLogger - INFO - Successfully waited for Description Text Input to be present on page.
2020-11-25 20:40:11,668 - rootLogger - INFO - Successfully entered Which Product/Service type do you want to provide your feedback about in Description Text Input textbox.
2020-11-25 20:40:11,783 - rootLogger - INFO - Successfully waited for Answer Library Button to be present on page.
2020-11-25 20:40:11,902 - rootLogger - INFO - Successfully clicked on Answer Library Button element.
2020-11-25 20:40:11,981 - rootLogger - INFO - Successfully waited for Get Answer Options from Answer Library Button to be present on page.
2020-11-25 20:40:13,291 - rootLogger - INFO - Successfully clicked on Get Answer Options from Answer Library Button element.
2020-11-25 20:40:13,408 - rootLogger - INFO - Successfully waited for Ansers Library Button to be present on page.
2020-11-25 20:40:13,524 - rootLogger - INFO - Successfully waited for Iframe Answer Options to be present on page.
2020-11-25 20:40:13,742 - rootLogger - INFO - Successfully waited for Qualification to be present on page.
2020-11-25 20:40:13,891 - rootLogger - INFO - Successfully clicked on Qualification element.
2020-11-25 20:40:13,956 - rootLogger - INFO - Successfully waited for Use this list Button to be present on page.
2020-11-25 20:40:14,379 - rootLogger - INFO - Successfully clicked on Use this list Button element.
2020-11-25 20:40:14,491 - rootLogger - INFO - Successfully waited for Save Button to be present on page.
2020-11-25 20:40:14,682 - rootLogger - INFO - Successfully clicked on Save Button element.
2020-11-25 20:40:16,666 - rootLogger - INFO - Successfully waited for loader to disappear.
2020-11-25 20:40:16,725 - rootLogger - INFO - Successfully waited for loader to disappear.
2020-11-25 20:40:16,796 - rootLogger - INFO - Successfully waited for Ranking Added Which Product/Service type do you want to provide your feedback about to be present on page.
2020-11-25 20:40:16,853 - rootLogger - INFO - Successfully waited for Ranking Added Which Product/Service type do you want to provide your feedback about to be present on page.
2020-11-25 20:40:16,942 - rootLogger - INFO - Successfully waited for Date Button to be present on page.
2020-11-25 20:40:17,212 - rootLogger - INFO - Successfully double clicked on Date Button element.
2020-11-25 20:40:18,255 - rootLogger - INFO - Successfully waited for loader to disappear.
2020-11-25 20:40:18,518 - rootLogger - INFO - Successfully waited for Iframe Button to be present on page.
2020-11-25 20:40:18,638 - rootLogger - INFO - Successfully waited for Description Text Input to be present on page.
2020-11-25 20:40:18,797 - rootLogger - INFO - Successfully entered Please enter the date of birth in Description Text Input textbox.
2020-11-25 20:40:18,888 - rootLogger - INFO - Successfully waited for Save Button to be present on page.
2020-11-25 20:40:19,092 - rootLogger - INFO - Successfully clicked on Save Button element.
2020-11-25 20:40:22,545 - rootLogger - INFO - Successfully waited for loader to disappear.
2020-11-25 20:40:22,652 - rootLogger - INFO - Successfully waited for Date Added Please enter the date of birth to be present on page.
2020-11-25 20:40:22,720 - rootLogger - INFO - Successfully waited for Date Added Please enter the date of birth to be present on page.
2020-11-25 20:40:23,885 - rootLogger - INFO - Successfully waited for Image Choice Button to be present on page.
2020-11-25 20:40:24,163 - rootLogger - INFO - Successfully double clicked on Image Choice Button element.
2020-11-25 20:40:25,139 - rootLogger - INFO - Successfully waited for loader to disappear.
2020-11-25 20:40:25,436 - rootLogger - INFO - Successfully waited for Iframe Button to be present on page.
2020-11-25 20:40:25,568 - rootLogger - INFO - Successfully waited for Description Text Input to be present on page.
2020-11-25 20:40:25,746 - rootLogger - INFO - Successfully entered Where you like to travel from the below place in Description Text Input textbox.
2020-11-25 20:40:25,864 - rootLogger - INFO - Successfully waited for Add Image to be present on page.
2020-11-25 20:40:26,105 - rootLogger - INFO - Successfully clicked on Add Image element.
2020-11-25 20:40:26,182 - rootLogger - INFO - Successfully waited for Iframe Questions Options to be present on page.
2020-11-25 20:40:28,410 - rootLogger - INFO - Successfully waited for loader to disappear.
2020-11-25 20:40:28,471 - rootLogger - INFO - Successfully waited for loader to disappear.
2020-11-25 20:40:35,511 - rootLogger - INFO - Successfully waited for loader to disappear.
2020-11-25 20:40:35,620 - rootLogger - INFO - Successfully waited for loader to disappear.
2020-11-25 20:40:35,683 - rootLogger - INFO - Successfully waited for Reporting Value to be present on page.
2020-11-25 20:40:35,909 - rootLogger - INFO - Successfully entered 6 in Reporting Value textbox.
2020-11-25 20:40:35,978 - rootLogger - INFO - Successfully waited for Add Image to be present on page.
2020-11-25 20:40:49,536 - rootLogger - INFO - Successfully clicked on Add Image element.
2020-11-25 20:40:50,584 - rootLogger - INFO - Successfully waited for loader to disappear.
2020-11-25 20:40:50,629 - rootLogger - INFO - Successfully waited for loader to disappear.
2020-11-25 20:40:52,909 - rootLogger - INFO - Successfully waited for loader to disappear.
2020-11-25 20:40:52,988 - rootLogger - INFO - Successfully waited for loader to disappear.
2020-11-25 20:40:53,032 - rootLogger - INFO - Successfully waited for Reporting Value to be present on page.
2020-11-25 20:40:53,115 - rootLogger - INFO - Successfully entered 7 in Reporting Value textbox.
2020-11-25 20:40:53,172 - rootLogger - INFO - Successfully waited for Save Button to be present on page.
2020-11-25 20:40:54,549 - rootLogger - INFO - Successfully clicked on Save Button element.
2020-11-25 20:40:55,631 - rootLogger - INFO - Successfully waited for loader to disappear.
2020-11-25 20:40:55,656 - rootLogger - INFO - Successfully waited for loader to disappear.
2020-11-25 20:40:55,761 - rootLogger - INFO - Successfully waited for Save Button to be present on page.
2020-11-25 20:40:55,915 - rootLogger - INFO - Successfully clicked on Save Button element.
2020-11-25 20:40:57,008 - rootLogger - INFO - Successfully waited for loader to disappear.
2020-11-25 20:40:57,100 - rootLogger - INFO - Successfully waited for loader to disappear.
2020-11-25 20:40:59,700 - rootLogger - INFO - Successfully waited for Image Choice Added Where you like to travel from the below place to be present on page.
2020-11-25 20:40:59,761 - rootLogger - INFO - Successfully waited for Image Choice Added Where you like to travel from the below place to be present on page.
2020-11-25 20:40:59,777 - rootLogger - INFO - Image choice options added in the survey
2020-11-25 20:40:59,899 - rootLogger - INFO - Successfully waited for Multiple Textbox Button to be present on page.
2020-11-25 20:41:00,242 - rootLogger - INFO - Successfully double clicked on Multiple Textbox Button element.
2020-11-25 20:41:03,042 - rootLogger - INFO - Successfully waited for loader to disappear.
2020-11-25 20:41:03,776 - rootLogger - INFO - Successfully waited for Iframe Button to be present on page.
2020-11-25 20:41:03,928 - rootLogger - INFO - Successfully waited for Description Text Input to be present on page.
2020-11-25 20:41:04,083 - rootLogger - INFO - Successfully entered Please enter your qualification details below in Description Text Input textbox.
2020-11-25 20:41:04,308 - rootLogger - INFO - Successfully waited for Multi Textbox 1 Input to be present on page.
2020-11-25 20:41:04,490 - rootLogger - INFO - Successfully entered PHD in Multi Textbox 1 Input textbox.
2020-11-25 20:41:04,571 - rootLogger - INFO - Successfully waited for Multi Textbox 2 Input to be present on page.
2020-11-25 20:41:04,728 - rootLogger - INFO - Successfully entered Degree in Multi Textbox 2 Input textbox.
2020-11-25 20:41:04,806 - rootLogger - INFO - Successfully waited for Save Button to be present on page.
2020-11-25 20:41:05,141 - rootLogger - INFO - Successfully clicked on Save Button element.
2020-11-25 20:41:08,011 - rootLogger - INFO - Successfully waited for loader to disappear.
2020-11-25 20:41:08,067 - rootLogger - INFO - Successfully waited for Multi Text Box Added Please enter your qualification details below to be present on page.
2020-11-25 20:41:08,113 - rootLogger - INFO - Successfully waited for Multi Text Box Added Please enter your qualification details below to be present on page.
2020-11-25 20:41:08,134 - rootLogger - INFO - Multi Text Box options added in the survey
2020-11-25 20:41:08,200 - rootLogger - INFO - Successfully waited for Multiple DropDown Button to be present on page.
2020-11-25 20:41:08,445 - rootLogger - INFO - Successfully double clicked on Multiple DropDown Button element.
2020-11-25 20:41:11,820 - rootLogger - INFO - Successfully waited for loader to disappear.
2020-11-25 20:41:12,335 - rootLogger - INFO - Successfully waited for Iframe Button to be present on page.
2020-11-25 20:41:12,448 - rootLogger - INFO - Successfully waited for Description Text Input to be present on page.
2020-11-25 20:41:12,652 - rootLogger - INFO - Successfully entered To what extent do you think that THE PRODUCT is worth the price? in Description Text Input textbox.
2020-11-25 20:41:12,903 - rootLogger - INFO - Successfully waited for Answer Library Button to be present on page.
2020-11-25 20:41:20,772 - rootLogger - INFO - Successfully clicked on Answer Library Button element.
2020-11-25 20:41:21,886 - rootLogger - INFO - Successfully waited for loader to disappear.
2020-11-25 20:41:21,949 - rootLogger - INFO - Successfully waited for loader to disappear.
2020-11-25 20:41:22,026 - rootLogger - INFO - Successfully waited for Get Answer Options from Answer Library Button to be present on page.
2020-11-25 20:41:23,545 - rootLogger - INFO - Successfully clicked on Get Answer Options from Answer Library Button element.
2020-11-25 20:41:23,723 - rootLogger - INFO - Successfully waited for Ansers Library Button to be present on page.
2020-11-25 20:41:23,953 - rootLogger - INFO - Successfully waited for Iframe Answer Options to be present on page.
2020-11-25 20:41:24,103 - rootLogger - INFO - Successfully waited for Qualification to be present on page.
2020-11-25 20:41:24,255 - rootLogger - INFO - Successfully clicked on Qualification element.
2020-11-25 20:41:24,323 - rootLogger - INFO - Successfully waited for Use this list Button to be present on page.
2020-11-25 20:41:24,843 - rootLogger - INFO - Successfully clicked on Use this list Button element.
2020-11-25 20:41:24,993 - rootLogger - INFO - Successfully waited for Multi Dropdown 1 Input to be present on page.
2020-11-25 20:41:25,248 - rootLogger - INFO - Successfully entered Where do you usually purchase THE PRODUCT? in Multi Dropdown 1 Input textbox.
2020-11-25 20:41:25,333 - rootLogger - INFO - Successfully waited for Multi Dropdown 2 Input to be present on page.
2020-11-25 20:41:25,660 - rootLogger - INFO - Successfully entered Where do you usually sell the product in Multi Dropdown 2 Input textbox.
2020-11-25 20:41:25,718 - rootLogger - INFO - Successfully waited for Save Button to be present on page.
2020-11-25 20:41:26,198 - rootLogger - INFO - Successfully clicked on Save Button element.
2020-11-25 20:41:28,372 - rootLogger - INFO - Successfully waited for loader to disappear.
2020-11-25 20:41:28,424 - rootLogger - INFO - Successfully waited for Multi Drop Down Added To what extent do you think that THE PRODUCT is worth the price? to be present on page.
2020-11-25 20:41:28,472 - rootLogger - INFO - Successfully waited for Multi Drop Down Added To what extent do you think that THE PRODUCT is worth the price? to be present on page.
2020-11-25 20:41:28,488 - rootLogger - INFO - Multi Drop Down options added in the survey
2020-11-25 20:41:28,558 - rootLogger - INFO - Successfully waited for Multiple Radio Grid Button to be present on page.
2020-11-25 20:41:28,892 - rootLogger - INFO - Successfully double clicked on Multiple Radio Grid Button element.
2020-11-25 20:41:32,278 - rootLogger - INFO - Successfully waited for loader to disappear.
2020-11-25 20:41:32,382 - rootLogger - INFO - Successfully waited for loader to disappear.
2020-11-25 20:41:34,462 - rootLogger - INFO - Successfully waited for Iframe Questions Options to be present on page.
2020-11-25 20:41:34,554 - rootLogger - INFO - Successfully waited for Iframe Button to be present on page.
2020-11-25 20:41:34,663 - rootLogger - INFO - Successfully waited for Description Text Input to be present on page.
2020-11-25 20:41:34,833 - rootLogger - INFO - Successfully entered How would you rate our company in the following areas? in Description Text Input textbox.
2020-11-25 20:41:34,913 - rootLogger - INFO - Successfully waited for More to be present on page.
2020-11-25 20:41:35,043 - rootLogger - INFO - Successfully clicked on More element.
2020-11-25 20:41:35,103 - rootLogger - INFO - Successfully waited for Answer Library Button to be present on page.
2020-11-25 20:41:35,229 - rootLogger - INFO - Successfully clicked on Answer Library Button element.
2020-11-25 20:41:36,404 - rootLogger - INFO - Successfully waited for loader to disappear.
2020-11-25 20:41:36,466 - rootLogger - INFO - Successfully waited for loader to disappear.
2020-11-25 20:41:36,524 - rootLogger - INFO - Successfully waited for Iframe Answer Options to be present on page.
2020-11-25 20:41:36,624 - rootLogger - INFO - Successfully waited for Endorsement to be present on page.
2020-11-25 20:41:36,773 - rootLogger - INFO - Successfully clicked on Endorsement element.
2020-11-25 20:41:36,820 - rootLogger - INFO - Successfully waited for Use this list Button to be present on page.
2020-11-25 20:41:37,225 - rootLogger - INFO - Successfully clicked on Use this list Button element.
2020-11-25 20:41:38,669 - rootLogger - INFO - Successfully waited for More to be present on page.
2020-11-25 20:41:38,792 - rootLogger - INFO - Successfully clicked on More element.
2020-11-25 20:41:38,853 - rootLogger - INFO - Successfully waited for Questions Library Button to be present on page.
2020-11-25 20:41:39,003 - rootLogger - INFO - Successfully clicked on Questions Library Button element.
2020-11-25 20:41:40,089 - rootLogger - INFO - Successfully waited for loader to disappear.
2020-11-25 20:41:40,136 - rootLogger - INFO - Successfully waited for loader to disappear.
2020-11-25 20:41:40,178 - rootLogger - INFO - Successfully waited for Iframe Answer Options to be present on page.
2020-11-25 20:41:41,347 - rootLogger - INFO - Successfully waited for Intensity to be present on page.
2020-11-25 20:41:41,499 - rootLogger - INFO - Successfully clicked on Intensity element.
2020-11-25 20:41:44,565 - rootLogger - INFO - Successfully waited for Use this list Button to be present on page.
2020-11-25 20:41:45,006 - rootLogger - INFO - Successfully clicked on Use this list Button element.
2020-11-25 20:41:45,991 - rootLogger - INFO - Successfully waited for Save Button Return to be present on page.
2020-11-25 20:41:48,360 - rootLogger - INFO - Successfully clicked on Save Button Return element.
2020-11-25 20:41:49,766 - rootLogger - INFO - Successfully waited for loader to disappear.
2020-11-25 20:41:49,821 - rootLogger - INFO - Successfully waited for Radio Grid Added How would you rate our company in the following areas? to be present on page.
2020-11-25 20:41:49,868 - rootLogger - INFO - Successfully waited for Radio Grid Added How would you rate our company in the following areas? to be present on page.
2020-11-25 20:41:49,950 - rootLogger - INFO - Successfully waited for Multiple Check Box Button to be present on page.
2020-11-25 20:41:50,275 - rootLogger - INFO - Successfully double clicked on Multiple Check Box Button element.
2020-11-25 20:41:51,492 - rootLogger - INFO - Successfully waited for loader to disappear.
2020-11-25 20:41:51,585 - rootLogger - INFO - Successfully waited for loader to disappear.
2020-11-25 20:41:51,629 - rootLogger - INFO - Successfully waited for Iframe Questions Options to be present on page.
2020-11-25 20:41:51,741 - rootLogger - INFO - Successfully waited for Iframe Button to be present on page.
2020-11-25 20:41:51,847 - rootLogger - INFO - Successfully waited for Description Text Input to be present on page.
2020-11-25 20:41:51,974 - rootLogger - INFO - Successfully entered Please select all the applicable things you like in Description Text Input textbox.
2020-11-25 20:41:52,032 - rootLogger - INFO - Successfully waited for More to be present on page.
2020-11-25 20:41:52,164 - rootLogger - INFO - Successfully clicked on More element.
2020-11-25 20:41:52,209 - rootLogger - INFO - Successfully waited for Answer Library Button to be present on page.
2020-11-25 20:41:52,365 - rootLogger - INFO - Successfully clicked on Answer Library Button element.
2020-11-25 20:41:53,432 - rootLogger - INFO - Successfully waited for loader to disappear.
2020-11-25 20:41:53,477 - rootLogger - INFO - Successfully waited for loader to disappear.
2020-11-25 20:41:53,520 - rootLogger - INFO - Successfully waited for Iframe Answer Options to be present on page.
2020-11-25 20:41:53,605 - rootLogger - INFO - Successfully waited for Endorsement to be present on page.
2020-11-25 20:41:53,754 - rootLogger - INFO - Successfully clicked on Endorsement element.
2020-11-25 20:41:53,800 - rootLogger - INFO - Successfully waited for Use this list Button to be present on page.
2020-11-25 20:41:54,195 - rootLogger - INFO - Successfully clicked on Use this list Button element.
2020-11-25 20:41:55,221 - rootLogger - INFO - Successfully waited for More to be present on page.
2020-11-25 20:41:55,378 - rootLogger - INFO - Successfully clicked on More element.
2020-11-25 20:41:55,429 - rootLogger - INFO - Successfully waited for Questions Library Button to be present on page.
2020-11-25 20:41:55,601 - rootLogger - INFO - Successfully clicked on Questions Library Button element.
2020-11-25 20:41:56,701 - rootLogger - INFO - Successfully waited for loader to disappear.
2020-11-25 20:41:56,776 - rootLogger - INFO - Successfully waited for loader to disappear.
2020-11-25 20:41:56,821 - rootLogger - INFO - Successfully waited for Iframe Answer Options to be present on page.
2020-11-25 20:41:57,946 - rootLogger - INFO - Successfully waited for Intensity to be present on page.
2020-11-25 20:41:58,141 - rootLogger - INFO - Successfully clicked on Intensity element.
2020-11-25 20:42:01,240 - rootLogger - INFO - Successfully waited for Use this list Button to be present on page.
2020-11-25 20:42:01,683 - rootLogger - INFO - Successfully clicked on Use this list Button element.
2020-11-25 20:42:02,711 - rootLogger - INFO - Successfully waited for Save Button Return to be present on page.
2020-11-25 20:42:04,661 - rootLogger - INFO - Successfully clicked on Save Button Return element.
2020-11-25 20:42:06,536 - rootLogger - INFO - Successfully waited for loader to disappear.
2020-11-25 20:42:06,588 - rootLogger - INFO - Successfully waited for CheckBox Grid Added Please select all the applicable things you like to be present on page.
2020-11-25 20:42:06,650 - rootLogger - INFO - Successfully waited for CheckBox Grid Added Please select all the applicable things you like to be present on page.
2020-11-25 20:42:06,769 - rootLogger - INFO - Successfully waited for Rating Radio Grid Button to be present on page.
2020-11-25 20:42:07,141 - rootLogger - INFO - Successfully double clicked on Rating Radio Grid Button element.
2020-11-25 20:42:08,381 - rootLogger - INFO - Successfully waited for loader to disappear.
2020-11-25 20:42:08,519 - rootLogger - INFO - Successfully waited for loader to disappear.
2020-11-25 20:42:08,596 - rootLogger - INFO - Successfully waited for Iframe Questions Options to be present on page.
2020-11-25 20:42:08,709 - rootLogger - INFO - Successfully waited for Iframe Button to be present on page.
2020-11-25 20:42:08,829 - rootLogger - INFO - Successfully waited for Description Text Input to be present on page.
2020-11-25 20:42:08,941 - rootLogger - INFO - Successfully entered Rate your skills in Description Text Input textbox.
2020-11-25 20:42:09,009 - rootLogger - INFO - Successfully waited for Choice 1 to be present on page.
2020-11-25 20:42:09,222 - rootLogger - INFO - Successfully entered Yes in Choice 1 textbox.
2020-11-25 20:42:09,273 - rootLogger - INFO - Successfully waited for Choice 2 to be present on page.
2020-11-25 20:42:09,442 - rootLogger - INFO - Successfully entered No in Choice 2 textbox.
2020-11-25 20:42:09,491 - rootLogger - INFO - Successfully waited for Choice 3 to be present on page.
2020-11-25 20:42:09,658 - rootLogger - INFO - Successfully entered NA in Choice 3 textbox.
2020-11-25 20:42:09,712 - rootLogger - INFO - Successfully waited for Weight 1 to be present on page.
2020-11-25 20:42:09,872 - rootLogger - INFO - Successfully entered 2 in Weight 1 textbox.
2020-11-25 20:42:09,930 - rootLogger - INFO - Successfully waited for Weight 2 to be present on page.
2020-11-25 20:42:10,095 - rootLogger - INFO - Successfully entered 1 in Weight 2 textbox.
2020-11-25 20:42:10,148 - rootLogger - INFO - Successfully waited for Weight 3 to be present on page.
2020-11-25 20:42:10,315 - rootLogger - INFO - Successfully entered 0 in Weight 3 textbox.
2020-11-25 20:42:10,367 - rootLogger - INFO - Successfully waited for More to be present on page.
2020-11-25 20:42:10,549 - rootLogger - INFO - Successfully clicked on More element.
2020-11-25 20:42:10,614 - rootLogger - INFO - Successfully waited for Questions Library Button to be present on page.
2020-11-25 20:42:10,782 - rootLogger - INFO - Successfully clicked on Questions Library Button element.
2020-11-25 20:42:11,897 - rootLogger - INFO - Successfully waited for loader to disappear.
2020-11-25 20:42:11,958 - rootLogger - INFO - Successfully waited for loader to disappear.
2020-11-25 20:42:12,004 - rootLogger - INFO - Successfully waited for Iframe Answer Options to be present on page.
2020-11-25 20:42:13,135 - rootLogger - INFO - Successfully waited for Intensity to be present on page.
2020-11-25 20:42:13,329 - rootLogger - INFO - Successfully clicked on Intensity element.
2020-11-25 20:42:16,430 - rootLogger - INFO - Successfully waited for Use this list Button to be present on page.
2020-11-25 20:42:16,882 - rootLogger - INFO - Successfully clicked on Use this list Button element.
2020-11-25 20:42:17,992 - rootLogger - INFO - Successfully waited for Save Button Return to be present on page.
2020-11-25 20:42:20,080 - rootLogger - INFO - Successfully clicked on Save Button Return element.
2020-11-25 20:42:21,990 - rootLogger - INFO - Successfully waited for loader to disappear.
2020-11-25 20:42:22,047 - rootLogger - INFO - Successfully waited for Rating Radio Grid Added Rate your skills to be present on page.
2020-11-25 20:42:22,110 - rootLogger - INFO - Successfully waited for Rating Radio Grid Added Rate your skills to be present on page.
2020-11-25 20:42:22,243 - rootLogger - INFO - Successfully waited for Rating Drop Down Grid Button to be present on page.
2020-11-25 20:42:22,617 - rootLogger - INFO - Successfully double clicked on Rating Drop Down Grid Button element.
2020-11-25 20:42:23,921 - rootLogger - INFO - Successfully waited for loader to disappear.
2020-11-25 20:42:24,074 - rootLogger - INFO - Successfully waited for loader to disappear.
2020-11-25 20:42:24,149 - rootLogger - INFO - Successfully waited for Iframe Questions Options to be present on page.
2020-11-25 20:42:24,259 - rootLogger - INFO - Successfully waited for Iframe Button to be present on page.
2020-11-25 20:42:24,370 - rootLogger - INFO - Successfully waited for Description Text Input to be present on page.
2020-11-25 20:42:24,503 - rootLogger - INFO - Successfully entered Rate the importance of things you value in Description Text Input textbox.
2020-11-25 20:42:24,589 - rootLogger - INFO - Successfully waited for Add/Edit Options to be present on page.
2020-11-25 20:42:25,954 - rootLogger - INFO - Successfully clicked on Add/Edit Options element.
2020-11-25 20:42:27,099 - rootLogger - INFO - Successfully waited for loader to disappear.
2020-11-25 20:42:27,176 - rootLogger - INFO - Successfully waited for loader to disappear.
2020-11-25 20:42:27,238 - rootLogger - INFO - Successfully waited for Iframe Button to be present on page.
2020-11-25 20:42:27,338 - rootLogger - INFO - Successfully waited for Choice 2 to be present on page.
2020-11-25 20:42:27,475 - rootLogger - INFO - Successfully entered Yes in Choice 2 textbox.
2020-11-25 20:42:27,533 - rootLogger - INFO - Successfully waited for Choice 2 to be present on page.
2020-11-25 20:42:27,688 - rootLogger - INFO - Successfully entered No in Choice 2 textbox.
2020-11-25 20:42:27,748 - rootLogger - INFO - Successfully waited for Choice 3 to be present on page.
2020-11-25 20:42:27,861 - rootLogger - INFO - Successfully entered NA in Choice 3 textbox.
2020-11-25 20:42:27,916 - rootLogger - INFO - Successfully waited for Weight 1 to be present on page.
2020-11-25 20:42:28,023 - rootLogger - INFO - Successfully entered 2 in Weight 1 textbox.
2020-11-25 20:42:28,086 - rootLogger - INFO - Successfully waited for Weight 2 to be present on page.
2020-11-25 20:42:28,187 - rootLogger - INFO - Successfully entered 1 in Weight 2 textbox.
2020-11-25 20:42:28,242 - rootLogger - INFO - Successfully waited for Weight 3 to be present on page.
2020-11-25 20:42:28,343 - rootLogger - INFO - Successfully entered 0 in Weight 3 textbox.
2020-11-25 20:42:28,409 - rootLogger - INFO - Successfully waited for Save Button to be present on page.
2020-11-25 20:42:29,198 - rootLogger - INFO - Successfully clicked on Save Button element.
2020-11-25 20:42:29,258 - rootLogger - INFO - Successfully waited for More to be present on page.
2020-11-25 20:42:29,391 - rootLogger - INFO - Successfully clicked on More element.
2020-11-25 20:42:29,440 - rootLogger - INFO - Successfully waited for Questions Library Button to be present on page.
2020-11-25 20:42:29,602 - rootLogger - INFO - Successfully clicked on Questions Library Button element.
2020-11-25 20:42:30,711 - rootLogger - INFO - Successfully waited for loader to disappear.
2020-11-25 20:42:30,802 - rootLogger - INFO - Successfully waited for loader to disappear.
2020-11-25 20:42:30,846 - rootLogger - INFO - Successfully waited for Iframe Answer Options to be present on page.
2020-11-25 20:42:31,964 - rootLogger - INFO - Successfully waited for Intensity to be present on page.
2020-11-25 20:42:32,141 - rootLogger - INFO - Successfully clicked on Intensity element.
2020-11-25 20:42:35,205 - rootLogger - INFO - Successfully waited for Use this list Button to be present on page.
2020-11-25 20:42:35,664 - rootLogger - INFO - Successfully clicked on Use this list Button element.
2020-11-25 20:42:36,682 - rootLogger - INFO - Successfully waited for Save Button Return to be present on page.
2020-11-25 20:42:38,699 - rootLogger - INFO - Successfully clicked on Save Button Return element.
2020-11-25 20:42:41,243 - rootLogger - INFO - Successfully waited for loader to disappear.
2020-11-25 20:42:41,302 - rootLogger - INFO - Successfully waited for Rating Drop Down Grid Added Rate the importance of things you value to be present on page.
2020-11-25 20:42:41,419 - rootLogger - INFO - Successfully waited for Rating Drop Down Grid Added Rate the importance of things you value to be present on page.
2020-11-25 20:42:41,484 - rootLogger - INFO - Successfully waited for Rating Scale Grid Button to be present on page.
2020-11-25 20:42:41,894 - rootLogger - INFO - Successfully double clicked on Rating Scale Grid Button element.
2020-11-25 20:42:43,242 - rootLogger - INFO - Successfully waited for loader to disappear.
2020-11-25 20:42:43,397 - rootLogger - INFO - Successfully waited for loader to disappear.
2020-11-25 20:42:43,459 - rootLogger - INFO - Successfully waited for Iframe Questions Options to be present on page.
2020-11-25 20:42:43,553 - rootLogger - INFO - Successfully waited for Iframe Button to be present on page.
2020-11-25 20:42:43,661 - rootLogger - INFO - Successfully waited for Description Text Input to be present on page.
2020-11-25 20:42:43,845 - rootLogger - INFO - Successfully entered PERFORMING THE FUNCTION FOR WHICH ITS DESIGNED? in Description Text Input textbox.
2020-11-25 20:42:43,925 - rootLogger - INFO - Successfully waited for Weight Highest to be present on page.
2020-11-25 20:42:44,101 - rootLogger - INFO - Successfully clicked on Weight Highest element.
2020-11-25 20:42:44,154 - rootLogger - INFO - Successfully waited for Weight Middle to be present on page.
2020-11-25 20:42:44,322 - rootLogger - INFO - Successfully clicked on Weight Middle element.
2020-11-25 20:42:45,406 - rootLogger - INFO - Successfully waited for Weight NA to be present on page.
2020-11-25 20:42:45,631 - rootLogger - INFO - Successfully clicked on Weight NA element.
2020-11-25 20:42:45,722 - rootLogger - INFO - Successfully entered NA in Weight NA textbox.
2020-11-25 20:42:45,759 - rootLogger - INFO - Successfully waited for More to be present on page.
2020-11-25 20:42:45,919 - rootLogger - INFO - Successfully clicked on More element.
2020-11-25 20:42:45,974 - rootLogger - INFO - Successfully waited for Questions Library Button to be present on page.
2020-11-25 20:42:46,142 - rootLogger - INFO - Successfully clicked on Questions Library Button element.
2020-11-25 20:42:47,261 - rootLogger - INFO - Successfully waited for loader to disappear.
2020-11-25 20:42:47,354 - rootLogger - INFO - Successfully waited for loader to disappear.
2020-11-25 20:42:47,416 - rootLogger - INFO - Successfully waited for Iframe Answer Options to be present on page.
2020-11-25 20:42:48,559 - rootLogger - INFO - Successfully waited for Intensity to be present on page.
2020-11-25 20:42:48,746 - rootLogger - INFO - Successfully clicked on Intensity element.
2020-11-25 20:42:51,834 - rootLogger - INFO - Successfully waited for Use this list Button to be present on page.
2020-11-25 20:42:52,295 - rootLogger - INFO - Successfully clicked on Use this list Button element.
2020-11-25 20:42:53,215 - rootLogger - INFO - Successfully waited for Save Button Return to be present on page.
2020-11-25 20:42:55,150 - rootLogger - INFO - Successfully clicked on Save Button Return element.
2020-11-25 20:42:57,342 - rootLogger - INFO - Successfully waited for loader to disappear.
2020-11-25 20:42:57,397 - rootLogger - INFO - Successfully waited for Rating Scale Grid Added PERFORMING THE FUNCTION FOR WHICH ITS DESIGNED? to be present on page.
2020-11-25 20:42:57,512 - rootLogger - INFO - Successfully waited for Rating Scale Grid Added PERFORMING THE FUNCTION FOR WHICH ITS DESIGNED? to be present on page.
2020-11-25 20:42:57,576 - rootLogger - INFO - Successfully waited for Matrix Grid Button to be present on page.
2020-11-25 20:42:57,931 - rootLogger - INFO - Successfully double clicked on Matrix Grid Button element.
2020-11-25 20:42:59,084 - rootLogger - INFO - Successfully waited for loader to disappear.
2020-11-25 20:42:59,173 - rootLogger - INFO - Successfully waited for loader to disappear.
2020-11-25 20:42:59,217 - rootLogger - INFO - Successfully waited for Iframe Questions Options to be present on page.
2020-11-25 20:42:59,314 - rootLogger - INFO - Successfully waited for Iframe Button to be present on page.
2020-11-25 20:42:59,481 - rootLogger - INFO - Successfully waited for Description Text Input to be present on page.
2020-11-25 20:42:59,673 - rootLogger - INFO - Successfully entered What is the highest level of education you completed? in Description Text Input textbox.
2020-11-25 20:42:59,857 - rootLogger - INFO - Successfully waited for Radio Grid Header to be present on page.
2020-11-25 20:43:00,079 - rootLogger - INFO - Successfully clicked on Radio Grid Header element.
2020-11-25 20:43:00,219 - rootLogger - INFO - Successfully entered How would you rate our company in the following areas? in Radio Grid Header textbox.
2020-11-25 20:43:00,271 - rootLogger - INFO - Successfully waited for Checkbox Grid Header to be present on page.
2020-11-25 20:43:00,432 - rootLogger - INFO - Successfully clicked on Radio Grid Header element.
2020-11-25 20:43:00,584 - rootLogger - INFO - Successfully entered Please select all the applicable things you like in Checkbox Grid Header textbox.
2020-11-25 20:43:00,646 - rootLogger - INFO - Successfully waited for Radio Choice 1 to be present on page.
2020-11-25 20:43:00,801 - rootLogger - INFO - Successfully clicked on Radio Choice 1 element.
2020-11-25 20:43:00,917 - rootLogger - INFO - Successfully entered Yes in Radio Choice 1 textbox.
2020-11-25 20:43:00,979 - rootLogger - INFO - Successfully waited for Radio Choice 2 to be present on page.
2020-11-25 20:43:01,155 - rootLogger - INFO - Successfully clicked on Radio Choice 2 element.
2020-11-25 20:43:01,262 - rootLogger - INFO - Successfully entered No in Radio Choice 2 textbox.
2020-11-25 20:43:01,316 - rootLogger - INFO - Successfully waited for Radio Choice 3 to be present on page.
2020-11-25 20:43:01,473 - rootLogger - INFO - Successfully clicked on Radio Choice 3 element.
2020-11-25 20:43:01,571 - rootLogger - INFO - Successfully entered NA in Radio Choice 3 textbox.
2020-11-25 20:43:01,630 - rootLogger - INFO - Successfully waited for Checkbox Choice 1 to be present on page.
2020-11-25 20:43:01,802 - rootLogger - INFO - Successfully clicked on Checkbox Choice 1 element.
2020-11-25 20:43:01,907 - rootLogger - INFO - Successfully entered Yes in Checkbox Choice 1 textbox.
2020-11-25 20:43:01,959 - rootLogger - INFO - Successfully waited for Checkbox Choice 2 to be present on page.
2020-11-25 20:43:02,133 - rootLogger - INFO - Successfully clicked on Checkbox Choice 2 element.
2020-11-25 20:43:02,238 - rootLogger - INFO - Successfully entered No in Checkbox Choice 2 textbox.
2020-11-25 20:43:02,287 - rootLogger - INFO - Successfully waited for Checkbox Choice 3 to be present on page.
2020-11-25 20:43:02,451 - rootLogger - INFO - Successfully clicked on Checkbox Choice 3 element.
2020-11-25 20:43:02,542 - rootLogger - INFO - Successfully entered NA in Checkbox Choice 3 textbox.
2020-11-25 20:43:03,637 - rootLogger - INFO - Successfully waited for More to be present on page.
2020-11-25 20:43:03,769 - rootLogger - INFO - Successfully clicked on More element.
2020-11-25 20:43:03,812 - rootLogger - INFO - Successfully waited for Questions Library Button to be present on page.
2020-11-25 20:43:03,971 - rootLogger - INFO - Successfully clicked on Questions Library Button element.
2020-11-25 20:43:05,065 - rootLogger - INFO - Successfully waited for loader to disappear.
2020-11-25 20:43:05,111 - rootLogger - INFO - Successfully waited for loader to disappear.
2020-11-25 20:43:05,153 - rootLogger - INFO - Successfully waited for Iframe Answer Options to be present on page.
2020-11-25 20:43:06,311 - rootLogger - INFO - Successfully waited for Intensity to be present on page.
2020-11-25 20:43:06,523 - rootLogger - INFO - Successfully clicked on Intensity element.
2020-11-25 20:43:09,592 - rootLogger - INFO - Successfully waited for Use this list Button to be present on page.
2020-11-25 20:43:10,010 - rootLogger - INFO - Successfully clicked on Use this list Button element.
2020-11-25 20:43:11,000 - rootLogger - INFO - Successfully waited for Save Button Return to be present on page.
2020-11-25 20:43:13,039 - rootLogger - INFO - Successfully clicked on Save Button Return element.
2020-11-25 20:43:14,663 - rootLogger - INFO - Successfully waited for loader to disappear.
2020-11-25 20:43:14,960 - rootLogger - INFO - Successfully waited for Matrix Grid Added What is the highest level of education you completed? to be present on page.
2020-11-25 20:43:15,020 - rootLogger - INFO - Successfully waited for Matrix Grid Added What is the highest level of education you completed? to be present on page.
2020-11-25 20:43:16,187 - rootLogger - INFO - Successfully waited for Hoorizontal Radio Button to be present on page.
2020-11-25 20:43:16,459 - rootLogger - INFO - Successfully double clicked on Hoorizontal Radio Button element.
2020-11-25 20:43:17,813 - rootLogger - INFO - Successfully waited for loader to disappear.
2020-11-25 20:43:18,140 - rootLogger - INFO - Successfully waited for Iframe Button to be present on page.
2020-11-25 20:43:18,265 - rootLogger - INFO - Successfully waited for Description Text Input to be present on page.
2020-11-25 20:43:18,449 - rootLogger - INFO - Successfully entered For how many years have you been using THE PRODUCT? in Description Text Input textbox.
2020-11-25 20:43:18,563 - rootLogger - INFO - Successfully waited for Answer Library Button to be present on page.
2020-11-25 20:43:18,697 - rootLogger - INFO - Successfully clicked on Answer Library Button element.
2020-11-25 20:43:18,773 - rootLogger - INFO - Successfully waited for Get Answer Options from Answer Library Button to be present on page.
2020-11-25 20:43:19,704 - rootLogger - INFO - Successfully clicked on Get Answer Options from Answer Library Button element.
2020-11-25 20:43:19,836 - rootLogger - INFO - Successfully waited for Ansers Library Button to be present on page.
2020-11-25 20:43:20,029 - rootLogger - INFO - Successfully waited for Iframe Answer Options to be present on page.
2020-11-25 20:43:20,223 - rootLogger - INFO - Successfully waited for Endorsement to be present on page.
2020-11-25 20:43:20,378 - rootLogger - INFO - Successfully clicked on Endorsement element.
2020-11-25 20:43:20,433 - rootLogger - INFO - Successfully waited for Use this list Button to be present on page.
2020-11-25 20:43:20,836 - rootLogger - INFO - Successfully clicked on Use this list Button element.
2020-11-25 20:43:20,954 - rootLogger - INFO - Successfully waited for Other checkbox to be present on page.
2020-11-25 20:43:21,169 - rootLogger - INFO - Successfully clicked on Other checkbox element.
2020-11-25 20:43:21,238 - rootLogger - INFO - Successfully waited for Save Button to be present on page.
2020-11-25 20:43:21,389 - rootLogger - INFO - Successfully clicked on Save Button element.
2020-11-25 20:43:25,383 - rootLogger - INFO - Successfully waited for loader to disappear.
2020-11-25 20:43:25,507 - rootLogger - INFO - Successfully waited for Horizontal Radio Buttons Label Added For how many years have you been using THE PRODUCT? to be present on page.
2020-11-25 20:43:25,567 - rootLogger - INFO - Successfully waited for Horizontal Radio Buttons Added For how many years have you been using THE PRODUCT? to be present on page.
2020-11-25 20:43:25,622 - rootLogger - INFO - Successfully waited for Attachments Button to be present on page.
2020-11-25 20:43:25,896 - rootLogger - INFO - Successfully double clicked on Attachments Button element.
2020-11-25 20:43:29,622 - rootLogger - INFO - Successfully waited for loader to disappear.
2020-11-25 20:43:30,182 - rootLogger - INFO - Successfully waited for Iframe Button to be present on page.
2020-11-25 20:43:30,324 - rootLogger - INFO - Successfully waited for Description Text Input to be present on page.
2020-11-25 20:43:30,480 - rootLogger - INFO - Successfully entered Upload your documents in Description Text Input textbox.
2020-11-25 20:43:30,582 - rootLogger - INFO - Successfully waited for Questions Library Button to be present on page.
2020-11-25 20:43:30,753 - rootLogger - INFO - Successfully clicked on Questions Library Button element.
2020-11-25 20:43:30,846 - rootLogger - INFO - Successfully waited for Questions Library Button to be present on page.
2020-11-25 20:43:33,289 - rootLogger - INFO - Successfully clicked on Questions Library Button element.
2020-11-25 20:43:33,426 - rootLogger - INFO - Successfully waited for Iframe Questions Options to be present on page.
2020-11-25 20:43:33,654 - rootLogger - INFO - Successfully waited for Intensity to be present on page.
2020-11-25 20:43:33,815 - rootLogger - INFO - Successfully clicked on Intensity element.
2020-11-25 20:43:33,867 - rootLogger - INFO - Successfully waited for Use this list Button to be present on page.
2020-11-25 20:43:34,355 - rootLogger - INFO - Successfully clicked on Use this list Button element.
2020-11-25 20:43:34,462 - rootLogger - INFO - Successfully waited for Save Button to be present on page.
2020-11-25 20:43:34,843 - rootLogger - INFO - Successfully clicked on Save Button element.
2020-11-25 20:43:40,233 - rootLogger - INFO - Successfully waited for loader to disappear.
2020-11-25 20:43:40,310 - rootLogger - INFO - Successfully waited for Attachments Added Upload your documents to be present on page.
2020-11-25 20:43:40,464 - rootLogger - INFO - Successfully waited for Attachments Added Upload your documents to be present on page.
2020-11-25 20:43:40,536 - rootLogger - INFO - Successfully waited for Rating Radio Button to be present on page.
2020-11-25 20:43:40,849 - rootLogger - INFO - Successfully double clicked on Rating Radio Button element.
2020-11-25 20:43:42,214 - rootLogger - INFO - Successfully waited for loader to disappear.
2020-11-25 20:43:42,482 - rootLogger - INFO - Successfully waited for Iframe Button to be present on page.
2020-11-25 20:43:42,623 - rootLogger - INFO - Successfully waited for Description Text Input to be present on page.
2020-11-25 20:43:42,791 - rootLogger - INFO - Successfully entered Would you recommend the product to others? in Description Text Input textbox.
2020-11-25 20:43:42,886 - rootLogger - INFO - Successfully waited for Answer Library Button to be present on page.
2020-11-25 20:43:42,999 - rootLogger - INFO - Successfully clicked on Answer Library Button element.
2020-11-25 20:43:43,062 - rootLogger - INFO - Successfully waited for Get Answer Options from Answer Library Button to be present on page.
2020-11-25 20:43:43,960 - rootLogger - INFO - Successfully clicked on Get Answer Options from Answer Library Button element.
2020-11-25 20:43:44,056 - rootLogger - INFO - Successfully waited for Ansers Library Button to be present on page.
2020-11-25 20:43:44,160 - rootLogger - INFO - Successfully waited for Iframe Answer Options to be present on page.
2020-11-25 20:43:44,425 - rootLogger - INFO - Successfully waited for Qualification to be present on page.
2020-11-25 20:43:44,577 - rootLogger - INFO - Successfully clicked on Qualification element.
2020-11-25 20:43:44,622 - rootLogger - INFO - Successfully waited for Use this list Button to be present on page.
2020-11-25 20:43:45,077 - rootLogger - INFO - Successfully clicked on Use this list Button element.
2020-11-25 20:43:45,145 - rootLogger - INFO - Successfully waited for Weight 1 to be present on page.
2020-11-25 20:43:45,316 - rootLogger - INFO - Successfully entered 0 in Weight 1 textbox.
2020-11-25 20:43:46,422 - rootLogger - INFO - Successfully waited for Weight 2 to be present on page.
2020-11-25 20:43:46,642 - rootLogger - INFO - Successfully entered 1 in Weight 2 textbox.
2020-11-25 20:43:47,754 - rootLogger - INFO - Successfully waited for Weight 3 to be present on page.
2020-11-25 20:43:47,934 - rootLogger - INFO - Successfully entered 2 in Weight 3 textbox.
2020-11-25 20:43:49,026 - rootLogger - INFO - Successfully waited for Weight 4 to be present on page.
2020-11-25 20:43:49,185 - rootLogger - INFO - Successfully entered 3 in Weight 4 textbox.
2020-11-25 20:43:50,286 - rootLogger - INFO - Successfully waited for Weight 5 to be present on page.
2020-11-25 20:43:50,493 - rootLogger - INFO - Successfully entered 4 in Weight 5 textbox.
2020-11-25 20:43:51,591 - rootLogger - INFO - Successfully waited for Weight 6 to be present on page.
2020-11-25 20:43:51,763 - rootLogger - INFO - Successfully entered 5 in Weight 6 textbox.
2020-11-25 20:43:52,853 - rootLogger - INFO - Successfully waited for Weight 7 to be present on page.
2020-11-25 20:43:53,011 - rootLogger - INFO - Successfully entered 6 in Weight 7 textbox.
2020-11-25 20:43:54,118 - rootLogger - INFO - Successfully waited for Weight 8 to be present on page.
2020-11-25 20:43:54,439 - rootLogger - INFO - Successfully entered 7 in Weight 8 textbox.
2020-11-25 20:43:55,536 - rootLogger - INFO - Successfully waited for Weight 9 to be present on page.
2020-11-25 20:43:55,762 - rootLogger - INFO - Successfully entered 8 in Weight 9 textbox.
2020-11-25 20:43:56,849 - rootLogger - INFO - Successfully waited for Weight 10 to be present on page.
2020-11-25 20:43:57,021 - rootLogger - INFO - Successfully entered 9 in Weight 10 textbox.
2020-11-25 20:43:58,097 - rootLogger - INFO - Successfully waited for Save Button to be present on page.
2020-11-25 20:43:58,271 - rootLogger - INFO - Successfully clicked on Save Button element.
2020-11-25 20:44:01,851 - rootLogger - INFO - Successfully waited for loader to disappear.
2020-11-25 20:44:01,960 - rootLogger - INFO - Successfully waited for Rating Radio Buttons Would you recommend the product to others? to be present on page.
2020-11-25 20:44:02,014 - rootLogger - INFO - Successfully waited for Rating Radio Buttons Added Would you recommend the product to others? to be present on page.
2020-11-25 20:44:02,084 - rootLogger - INFO - Successfully waited for Rating Drop Down Button to be present on page.
2020-11-25 20:44:02,383 - rootLogger - INFO - Successfully double clicked on Rating Drop Down Button element.
2020-11-25 20:44:03,709 - rootLogger - INFO - Successfully waited for loader to disappear.
2020-11-25 20:44:04,016 - rootLogger - INFO - Successfully waited for Iframe Button to be present on page.
2020-11-25 20:44:04,143 - rootLogger - INFO - Successfully waited for Description Text Input to be present on page.
2020-11-25 20:44:04,304 - rootLogger - INFO - Successfully entered The morale in my department is high. in Description Text Input textbox.
2020-11-25 20:44:04,404 - rootLogger - INFO - Successfully waited for Answer Library Button to be present on page.
2020-11-25 20:44:04,514 - rootLogger - INFO - Successfully clicked on Answer Library Button element.
2020-11-25 20:44:04,583 - rootLogger - INFO - Successfully waited for Get Answer Options from Answer Library Button to be present on page.
2020-11-25 20:44:05,473 - rootLogger - INFO - Successfully clicked on Get Answer Options from Answer Library Button element.
2020-11-25 20:44:05,647 - rootLogger - INFO - Successfully waited for Ansers Library Button to be present on page.
2020-11-25 20:44:05,904 - rootLogger - INFO - Successfully waited for Iframe Answer Options to be present on page.
2020-11-25 20:44:06,066 - rootLogger - INFO - Successfully waited for Qualification to be present on page.
2020-11-25 20:44:06,165 - rootLogger - INFO - Successfully clicked on Qualification element.
2020-11-25 20:44:06,216 - rootLogger - INFO - Successfully waited for Use this list Button to be present on page.
2020-11-25 20:44:06,790 - rootLogger - INFO - Successfully clicked on Use this list Button element.
2020-11-25 20:44:06,912 - rootLogger - INFO - Successfully waited for Weight 1 to be present on page.
2020-11-25 20:44:07,084 - rootLogger - INFO - Successfully entered 0 in Weight 1 textbox.
2020-11-25 20:44:08,200 - rootLogger - INFO - Successfully waited for Weight 2 to be present on page.
2020-11-25 20:44:08,357 - rootLogger - INFO - Successfully entered 1 in Weight 2 textbox.
2020-11-25 20:44:09,517 - rootLogger - INFO - Successfully waited for Weight 3 to be present on page.
2020-11-25 20:44:09,704 - rootLogger - INFO - Successfully entered 2 in Weight 3 textbox.
2020-11-25 20:44:10,791 - rootLogger - INFO - Successfully waited for Weight 4 to be present on page.
2020-11-25 20:44:10,962 - rootLogger - INFO - Successfully entered 3 in Weight 4 textbox.
2020-11-25 20:44:12,053 - rootLogger - INFO - Successfully waited for Weight 5 to be present on page.
2020-11-25 20:44:12,223 - rootLogger - INFO - Successfully entered 4 in Weight 5 textbox.
2020-11-25 20:44:13,316 - rootLogger - INFO - Successfully waited for Weight 6 to be present on page.
2020-11-25 20:44:13,480 - rootLogger - INFO - Successfully entered 5 in Weight 6 textbox.
2020-11-25 20:44:14,617 - rootLogger - INFO - Successfully waited for Weight 7 to be present on page.
2020-11-25 20:44:14,807 - rootLogger - INFO - Successfully entered 6 in Weight 7 textbox.
2020-11-25 20:44:15,925 - rootLogger - INFO - Successfully waited for Weight 8 to be present on page.
2020-11-25 20:44:16,213 - rootLogger - INFO - Successfully entered 7 in Weight 8 textbox.
2020-11-25 20:44:17,284 - rootLogger - INFO - Successfully waited for Weight 9 to be present on page.
2020-11-25 20:44:17,536 - rootLogger - INFO - Successfully entered 8 in Weight 9 textbox.
2020-11-25 20:44:18,613 - rootLogger - INFO - Successfully waited for Weight 10 to be present on page.
2020-11-25 20:44:18,784 - rootLogger - INFO - Successfully entered 9 in Weight 10 textbox.
2020-11-25 20:44:19,863 - rootLogger - INFO - Successfully waited for Save Button to be present on page.
2020-11-25 20:44:20,043 - rootLogger - INFO - Successfully clicked on Save Button element.
2020-11-25 20:44:24,277 - rootLogger - INFO - Successfully waited for loader to disappear.
2020-11-25 20:44:24,445 - rootLogger - INFO - Successfully waited for loader to disappear.
2020-11-25 20:44:24,499 - rootLogger - INFO - Successfully waited for Rating Drop Down The morale in my department is high. to be present on page.
2020-11-25 20:44:24,651 - rootLogger - INFO - Successfully waited for Rating Drop Down Buttons Added The morale in my department is high. to be present on page.
2020-11-25 20:44:24,706 - rootLogger - INFO - Successfully waited for List Box Button to be present on page.
2020-11-25 20:44:25,041 - rootLogger - INFO - Successfully double clicked on List Box Button element.
2020-11-25 20:44:26,441 - rootLogger - INFO - Successfully waited for loader to disappear.
2020-11-25 20:44:26,665 - rootLogger - INFO - Successfully waited for Iframe Button to be present on page.
2020-11-25 20:44:26,769 - rootLogger - INFO - Successfully waited for Description Text Input to be present on page.
2020-11-25 20:44:26,951 - rootLogger - INFO - Successfully entered How did you first learn about THE PRODUCT? in Description Text Input textbox.
2020-11-25 20:44:27,070 - rootLogger - INFO - Successfully waited for Answer Library Button to be present on page.
2020-11-25 20:44:27,199 - rootLogger - INFO - Successfully clicked on Answer Library Button element.
2020-11-25 20:44:27,277 - rootLogger - INFO - Successfully waited for Get Answer Options from Answer Library Button to be present on page.
2020-11-25 20:44:28,286 - rootLogger - INFO - Successfully clicked on Get Answer Options from Answer Library Button element.
2020-11-25 20:44:28,380 - rootLogger - INFO - Successfully waited for Ansers Library Button to be present on page.
2020-11-25 20:44:28,482 - rootLogger - INFO - Successfully waited for Iframe Answer Options to be present on page.
2020-11-25 20:44:28,768 - rootLogger - INFO - Successfully waited for Endorsement to be present on page.
2020-11-25 20:44:28,879 - rootLogger - INFO - Successfully clicked on Endorsement element.
2020-11-25 20:44:28,926 - rootLogger - INFO - Successfully waited for Use this list Button to be present on page.
2020-11-25 20:44:29,322 - rootLogger - INFO - Successfully clicked on Use this list Button element.
2020-11-25 20:44:29,416 - rootLogger - INFO - Successfully waited for Other checkbox to be present on page.
2020-11-25 20:44:29,662 - rootLogger - INFO - Successfully clicked on Other checkbox element.
2020-11-25 20:44:30,899 - rootLogger - INFO - Successfully waited for loader to disappear.
2020-11-25 20:44:30,976 - rootLogger - INFO - Successfully waited for loader to disappear.
2020-11-25 20:44:31,037 - rootLogger - INFO - Successfully waited for Save Button to be present on page.
2020-11-25 20:44:31,269 - rootLogger - INFO - Successfully clicked on Save Button element.
2020-11-25 20:44:35,233 - rootLogger - INFO - Successfully waited for loader to disappear.
2020-11-25 20:44:35,282 - rootLogger - INFO - Successfully waited for loader to disappear.
2020-11-25 20:44:35,334 - rootLogger - INFO - Successfully waited for Listbox Added How did you first learn about THE PRODUCT? to be present on page.
2020-11-25 20:44:35,458 - rootLogger - INFO - Successfully waited for Listbox Added How did you first learn about THE PRODUCT? to be present on page.
2020-11-25 20:44:35,527 - rootLogger - INFO - Successfully waited for Captcha Button to be present on page.
2020-11-25 20:44:35,528 - rootLogger - INFO - Smoke_TC2 is PASSED.
