2021-11-23 20:25:57,042 - rootLogger - INFO - Excel file initialized successfully.
2021-11-23 20:25:57,046 - rootLogger - INFO - Config.properties file Loaded successfully.
2021-11-23 20:25:59,588 - rootLogger - INFO - Chrome Driver instance loaded successfully.
2021-11-23 20:26:01,862 - rootLogger - INFO - Successfully waited for User Name to be present on page.
2021-11-23 20:26:02,034 - rootLogger - INFO - Successfully entered gjoyk12_test in User Name textbox.
2021-11-23 20:26:02,145 - rootLogger - INFO - Successfully entered Eighth8# in User Password textbox.
2021-11-23 20:26:05,785 - rootLogger - INFO - Successfully clicked on Login element.
2021-11-23 20:26:07,892 - rootLogger - INFO - Successfully waited for Sogo Account to be present on page.
2021-11-23 20:26:07,944 - rootLogger - INFO - Successfully waited for Create Project Button to be present on page.
2021-11-23 20:26:08,023 - rootLogger - INFO - Successfully clicked on Create Project Button element.
2021-11-23 20:26:10,860 - rootLogger - INFO - Successfully waited for loader to disappear.
2021-11-23 20:26:10,902 - rootLogger - INFO - Successfully waited for Iframe to be present on page.
2021-11-23 20:26:12,116 - rootLogger - INFO - Successfully waited for Survey Button to be present on page.
2021-11-23 20:26:12,264 - rootLogger - INFO - Successfully clicked on Survey Button element.
2021-11-23 20:26:13,369 - rootLogger - INFO - Successfully waited for loader to disappear.
2021-11-23 20:26:13,436 - rootLogger - INFO - Successfully waited for loader to disappear.
2021-11-23 20:26:13,498 - rootLogger - INFO - Successfully waited for Start with a Blank Survey Button to be present on page.
2021-11-23 20:26:13,630 - rootLogger - INFO - Successfully clicked on Start with a Blank Survey Button element.
2021-11-23 20:26:14,268 - rootLogger - INFO - Successfully waited for Survey Name to be present on page.
2021-11-23 20:26:14,485 - rootLogger - INFO - Successfully entered SMx DP - 23-Nov-2021 20:26:13 in Survey Name textbox.
2021-11-23 20:26:14,544 - rootLogger - INFO - Successfully waited for Select Folder to be present on page.
2021-11-23 20:26:14,632 - rootLogger - INFO - Successfully clicked on Select Folder element.
2021-11-23 20:26:14,671 - rootLogger - INFO - Successfully waited for Main to be present on page.
2021-11-23 20:26:15,762 - rootLogger - INFO - Successfully clicked on Main element.
2021-11-23 20:26:15,812 - rootLogger - INFO - Successfully waited for Primary Langugage Drop down to be present on page.
2021-11-23 20:26:15,941 - rootLogger - INFO - Successfully clicked on Primary Langugage Drop down element.
2021-11-23 20:26:15,997 - rootLogger - INFO - Successfully waited for Primary Langugage List to be present on page.
2021-11-23 20:26:16,024 - rootLogger - INFO - Successfully move to :English
2021-11-23 20:26:16,134 - rootLogger - INFO - Successfully clicked on English element.
2021-11-23 20:26:16,180 - rootLogger - INFO - Successfully waited for Secondary Language Switch to be present on page.
2021-11-23 20:26:16,281 - rootLogger - INFO - Successfully clicked on Secondary Language Switch element.
2021-11-23 20:26:16,335 - rootLogger - INFO - Successfully waited for Secondary Langugage Drop down to be present on page.
2021-11-23 20:26:16,484 - rootLogger - INFO - Successfully clicked on Secondary Langugage Drop down element.
2021-11-23 20:26:16,551 - rootLogger - INFO - Successfully waited for Secondary Langugage Drop down Search to be present on page.
2021-11-23 20:26:16,783 - rootLogger - INFO - Successfully entered Spanish in Secondary Langugage Drop down Search textbox.
2021-11-23 20:26:18,863 - rootLogger - INFO - Successfully waited for Spanish to be present on page.
2021-11-23 20:26:19,026 - rootLogger - INFO - Successfully clicked on Spanish element.
2021-11-23 20:26:19,086 - rootLogger - INFO - Successfully waited for Create Button to be present on page.
2021-11-23 20:26:19,248 - rootLogger - INFO - Successfully clicked on Create Button element.
2021-11-23 20:26:25,302 - rootLogger - INFO - Successfully waited for loader to disappear.
2021-11-23 20:26:25,341 - rootLogger - INFO - Successfully waited for loader to disappear.
2021-11-23 20:26:25,400 - rootLogger - INFO - Successfully waited for SMx DP - 23-Nov-2021 20:26:13 to be present on page.
2021-11-23 20:26:25,466 - rootLogger - INFO - Successfully waited for Description Button to be present on page.
2021-11-23 20:26:25,757 - rootLogger - INFO - Successfully double clicked on Description Button element.
2021-11-23 20:26:26,555 - rootLogger - INFO - Successfully waited for loader to disappear.
2021-11-23 20:26:28,338 - rootLogger - INFO - Successfully waited for Iframe Button to be present on page.
2021-11-23 20:26:28,642 - rootLogger - INFO - Successfully waited for Description Text Input to be present on page.
2021-11-23 20:26:28,984 - rootLogger - INFO - Successfully entered This survey is for manufacturers and product distributors to get a sense of how current and prospective customers responded to a particular product. in Description Text Input textbox.
2021-11-23 20:26:29,119 - rootLogger - INFO - Successfully waited for Save Button to be present on page.
2021-11-23 20:26:29,291 - rootLogger - INFO - Successfully clicked on Save Button element.
2021-11-23 20:26:30,429 - rootLogger - INFO - Successfully waited for loader to disappear.
2021-11-23 20:26:30,468 - rootLogger - INFO - Successfully waited for loader to disappear.
2021-11-23 20:26:30,514 - rootLogger - INFO - Successfully waited for Description Added This survey is for manufacturers and product distributors to get a sense of how current and prospective customers responded to a particular product. to be present on page.
2021-11-23 20:26:30,674 - rootLogger - INFO - Successfully waited for Net Promoter Button to be present on page.
2021-11-23 20:26:30,932 - rootLogger - INFO - Successfully double clicked on Net Promoter Button element.
2021-11-23 20:26:31,852 - rootLogger - INFO - Successfully waited for loader to disappear.
2021-11-23 20:26:32,267 - rootLogger - INFO - Successfully waited for Iframe Button to be present on page.
2021-11-23 20:26:32,367 - rootLogger - INFO - Successfully waited for Description Text Input to be present on page.
2021-11-23 20:26:32,396 - rootLogger - INFO - Successfully fetched text How likely is it that you would recommend [company / brand / product / service] to a friend or colleague? from Description Text Input
2021-11-23 20:26:32,487 - rootLogger - INFO - Successfully waited for Save Button to be present on page.
2021-11-23 20:26:32,646 - rootLogger - INFO - Successfully clicked on Save Button element.
2021-11-23 20:26:33,754 - rootLogger - INFO - Successfully waited for loader to disappear.
2021-11-23 20:26:33,796 - rootLogger - INFO - Successfully waited for loader to disappear.
2021-11-23 20:26:33,862 - rootLogger - INFO - Successfully waited for Net Promoter Label Added How likely is it that you would recommend [company / brand / product / service] to a friend or colleague? to be present on page.
2021-11-23 20:26:33,928 - rootLogger - INFO - Successfully waited for Net Promoter Label Added How likely is it that you would recommend [company / brand / product / service] to a friend or colleague? to be present on page.
2021-11-23 20:26:33,998 - rootLogger - INFO - Successfully waited for Text Box Button to be present on page.
2021-11-23 20:26:34,254 - rootLogger - INFO - Successfully double clicked on Text Box Button element.
2021-11-23 20:26:35,308 - rootLogger - INFO - Successfully waited for loader to disappear.
2021-11-23 20:26:35,668 - rootLogger - INFO - Successfully waited for Iframe Button to be present on page.
2021-11-23 20:26:35,767 - rootLogger - INFO - Successfully waited for Description Text Input to be present on page.
2021-11-23 20:26:35,965 - rootLogger - INFO - Successfully entered What are the specific details of the product / service. in Description Text Input textbox.
2021-11-23 20:26:36,029 - rootLogger - INFO - Successfully waited for Save Button to be present on page.
2021-11-23 20:26:36,180 - rootLogger - INFO - Successfully clicked on Save Button element.
2021-11-23 20:26:37,376 - rootLogger - INFO - Successfully waited for loader to disappear.
2021-11-23 20:26:37,405 - rootLogger - INFO - Successfully waited for loader to disappear.
2021-11-23 20:26:37,453 - rootLogger - INFO - Successfully waited for Text Box Label Added What are the specific details of the product / service. to be present on page.
2021-11-23 20:26:37,500 - rootLogger - INFO - Successfully waited for Text Box Added What are the specific details of the product / service. to be present on page.
2021-11-23 20:26:37,554 - rootLogger - INFO - Successfully waited for Radio Button to be present on page.
2021-11-23 20:26:37,801 - rootLogger - INFO - Successfully double clicked on Radio Button element.
2021-11-23 20:26:39,536 - rootLogger - INFO - Successfully waited for loader to disappear.
2021-11-23 20:26:39,934 - rootLogger - INFO - Successfully waited for Iframe Button to be present on page.
2021-11-23 20:26:40,057 - rootLogger - INFO - Successfully waited for Description Text Input to be present on page.
2021-11-23 20:26:40,237 - rootLogger - INFO - Successfully entered Where did you last purchase THE PRODUCT? in Description Text Input textbox.
2021-11-23 20:26:40,306 - rootLogger - INFO - Successfully waited for Answer Library Button to be present on page.
2021-11-23 20:26:40,421 - rootLogger - INFO - Successfully clicked on Answer Library Button element.
2021-11-23 20:26:40,481 - rootLogger - INFO - Successfully waited for Get Answer Options from Answer Library Button to be present on page.
2021-11-23 20:26:41,464 - rootLogger - INFO - Successfully clicked on Get Answer Options from Answer Library Button element.
2021-11-23 20:26:41,518 - rootLogger - INFO - Successfully waited for Ansers Library Button to be present on page.
2021-11-23 20:26:41,567 - rootLogger - INFO - Successfully waited for Iframe Answer Options to be present on page.
2021-11-23 20:26:42,800 - rootLogger - INFO - Successfully waited for loader to disappear.
2021-11-23 20:26:42,921 - rootLogger - INFO - Successfully waited for loader to disappear.
2021-11-23 20:26:42,997 - rootLogger - INFO - Successfully waited for Endorsement to be present on page.
2021-11-23 20:26:43,138 - rootLogger - INFO - Successfully clicked on Endorsement element.
2021-11-23 20:26:43,197 - rootLogger - INFO - Successfully waited for Use this list Button to be present on page.
2021-11-23 20:26:43,592 - rootLogger - INFO - Successfully clicked on Use this list Button element.
2021-11-23 20:26:43,696 - rootLogger - INFO - Successfully waited for Other checkbox to be present on page.
2021-11-23 20:26:43,906 - rootLogger - INFO - Successfully clicked on Other checkbox element.
2021-11-23 20:26:43,975 - rootLogger - INFO - Successfully waited for Save Button to be present on page.
2021-11-23 20:26:44,172 - rootLogger - INFO - Successfully clicked on Save Button element.
2021-11-23 20:26:45,940 - rootLogger - INFO - Successfully waited for loader to disappear.
2021-11-23 20:26:45,982 - rootLogger - INFO - Successfully waited for loader to disappear.
2021-11-23 20:26:46,029 - rootLogger - INFO - Successfully waited for Radio Buttons Label Added Where did you last purchase THE PRODUCT? to be present on page.
2021-11-23 20:26:46,082 - rootLogger - INFO - Successfully waited for Radio Buttons Added Where did you last purchase THE PRODUCT? to be present on page.
2021-11-23 20:26:46,147 - rootLogger - INFO - Successfully waited for Check Box Button to be present on page.
2021-11-23 20:26:46,412 - rootLogger - INFO - Successfully double clicked on Check Box Button element.
2021-11-23 20:26:47,558 - rootLogger - INFO - Successfully waited for loader to disappear.
2021-11-23 20:26:48,099 - rootLogger - INFO - Successfully waited for Iframe Button to be present on page.
2021-11-23 20:26:48,192 - rootLogger - INFO - Successfully waited for Description Text Input to be present on page.
2021-11-23 20:26:48,381 - rootLogger - INFO - Successfully entered Please select your choices from the list in Description Text Input textbox.
2021-11-23 20:26:48,448 - rootLogger - INFO - Successfully waited for Answer Library Button to be present on page.
2021-11-23 20:26:48,553 - rootLogger - INFO - Successfully clicked on Answer Library Button element.
2021-11-23 20:26:48,610 - rootLogger - INFO - Successfully waited for Get Answer Options from Answer Library Button to be present on page.
2021-11-23 20:26:49,459 - rootLogger - INFO - Successfully clicked on Get Answer Options from Answer Library Button element.
2021-11-23 20:26:49,515 - rootLogger - INFO - Successfully waited for Ansers Library Button to be present on page.
2021-11-23 20:26:49,690 - rootLogger - INFO - Successfully waited for Iframe Answer Options to be present on page.
2021-11-23 20:26:51,023 - rootLogger - INFO - Successfully waited for loader to disappear.
2021-11-23 20:26:51,190 - rootLogger - INFO - Successfully waited for loader to disappear.
2021-11-23 20:26:51,259 - rootLogger - INFO - Successfully waited for Endorsement to be present on page.
2021-11-23 20:26:51,389 - rootLogger - INFO - Successfully clicked on Endorsement element.
2021-11-23 20:26:51,441 - rootLogger - INFO - Successfully waited for Use this list Button to be present on page.
2021-11-23 20:26:51,812 - rootLogger - INFO - Successfully clicked on Use this list Button element.
2021-11-23 20:26:51,872 - rootLogger - INFO - Successfully waited for None of Above to be present on page.
2021-11-23 20:26:52,134 - rootLogger - INFO - Successfully clicked on None of Above element.
2021-11-23 20:26:52,185 - rootLogger - INFO - Successfully waited for Save Button to be present on page.
2021-11-23 20:26:52,399 - rootLogger - INFO - Successfully clicked on Save Button element.
2021-11-23 20:26:53,909 - rootLogger - INFO - Successfully waited for loader to disappear.
2021-11-23 20:26:53,937 - rootLogger - INFO - Successfully waited for loader to disappear.
2021-11-23 20:26:53,975 - rootLogger - INFO - Successfully waited for Check Box Label Added Please select your choices from the list to be present on page.
2021-11-23 20:26:54,020 - rootLogger - INFO - Successfully waited for Check Box Added Please select your choices from the list to be present on page.
2021-11-23 20:26:54,095 - rootLogger - INFO - Successfully waited for Drop Down Button to be present on page.
2021-11-23 20:26:54,346 - rootLogger - INFO - Successfully double clicked on Drop Down Button element.
2021-11-23 20:26:55,662 - rootLogger - INFO - Successfully waited for loader to disappear.
2021-11-23 20:26:56,068 - rootLogger - INFO - Successfully waited for Iframe Button to be present on page.
2021-11-23 20:26:56,172 - rootLogger - INFO - Successfully waited for Description Text Input to be present on page.
2021-11-23 20:26:56,410 - rootLogger - INFO - Successfully entered How long have you been our customer? in Description Text Input textbox.
2021-11-23 20:26:56,465 - rootLogger - INFO - Successfully waited for Answer Library Button to be present on page.
2021-11-23 20:26:56,575 - rootLogger - INFO - Successfully clicked on Answer Library Button element.
2021-11-23 20:26:56,642 - rootLogger - INFO - Successfully waited for Get Answer Options from Answer Library Button to be present on page.
2021-11-23 20:26:57,528 - rootLogger - INFO - Successfully clicked on Get Answer Options from Answer Library Button element.
2021-11-23 20:26:57,585 - rootLogger - INFO - Successfully waited for Ansers Library Button to be present on page.
2021-11-23 20:26:57,626 - rootLogger - INFO - Successfully waited for Iframe Answer Options to be present on page.
2021-11-23 20:26:58,932 - rootLogger - INFO - Successfully waited for loader to disappear.
2021-11-23 20:26:59,082 - rootLogger - INFO - Successfully waited for loader to disappear.
2021-11-23 20:26:59,184 - rootLogger - INFO - Successfully waited for Endorsement to be present on page.
2021-11-23 20:26:59,324 - rootLogger - INFO - Successfully clicked on Endorsement element.
2021-11-23 20:26:59,373 - rootLogger - INFO - Successfully waited for Use this list Button to be present on page.
2021-11-23 20:26:59,732 - rootLogger - INFO - Successfully clicked on Use this list Button element.
2021-11-23 20:26:59,783 - rootLogger - INFO - Successfully waited for Other checkbox to be present on page.
2021-11-23 20:26:59,975 - rootLogger - INFO - Successfully clicked on Other checkbox element.
2021-11-23 20:27:00,050 - rootLogger - INFO - Successfully waited for Save Button to be present on page.
2021-11-23 20:27:00,261 - rootLogger - INFO - Successfully clicked on Save Button element.
2021-11-23 20:27:02,279 - rootLogger - INFO - Successfully waited for loader to disappear.
2021-11-23 20:27:02,311 - rootLogger - INFO - Successfully waited for loader to disappear.
2021-11-23 20:27:02,353 - rootLogger - INFO - Successfully waited for Drop Down Label Added How long have you been our customer? to be present on page.
2021-11-23 20:27:02,405 - rootLogger - INFO - Successfully waited for Drop Down Added How long have you been our customer? to be present on page.
2021-11-23 20:27:02,477 - rootLogger - INFO - Successfully waited for Demographics Button to be present on page.
2021-11-23 20:27:02,738 - rootLogger - INFO - Successfully double clicked on Demographics Button element.
2021-11-23 20:27:03,638 - rootLogger - INFO - Successfully waited for loader to disappear.
2021-11-23 20:27:04,156 - rootLogger - INFO - Successfully waited for Iframe Button to be present on page.
2021-11-23 20:27:04,380 - rootLogger - INFO - Successfully waited for Description Text Input to be present on page.
2021-11-23 20:27:04,522 - rootLogger - INFO - Successfully entered Please fill below information. in Description Text Input textbox.
2021-11-23 20:27:04,586 - rootLogger - INFO - Successfully waited for Demographics Name to be present on page.
2021-11-23 20:27:04,874 - rootLogger - INFO - Successfully clicked on Demographics Name element.
2021-11-23 20:27:04,923 - rootLogger - INFO - Successfully waited for Demographics Name: Title to be present on page.
2021-11-23 20:27:05,181 - rootLogger - INFO - Successfully clicked on Demographics Name: Title element.
2021-11-23 20:27:05,237 - rootLogger - INFO - Successfully waited for Demographics Name: First Name to be present on page.
2021-11-23 20:27:05,423 - rootLogger - INFO - Successfully clicked on Demographics Name: First Name element.
2021-11-23 20:27:05,489 - rootLogger - INFO - Successfully waited for Demographics Name: Middle Name to be present on page.
2021-11-23 20:27:05,663 - rootLogger - INFO - Successfully clicked on Demographics Name: Middle Name element.
2021-11-23 20:27:05,727 - rootLogger - INFO - Successfully waited for Demographics Name: Last Name to be present on page.
2021-11-23 20:27:05,904 - rootLogger - INFO - Successfully clicked on Demographics Name: Last Name element.
2021-11-23 20:27:05,977 - rootLogger - INFO - Successfully waited for Demographics Gender to be present on page.
2021-11-23 20:27:06,214 - rootLogger - INFO - Successfully clicked on Demographics Gender element.
2021-11-23 20:27:06,280 - rootLogger - INFO - Successfully waited for Demographics Date of Birth to be present on page.
2021-11-23 20:27:06,535 - rootLogger - INFO - Successfully clicked on Demographics Date of Birth element.
2021-11-23 20:27:06,620 - rootLogger - INFO - Successfully waited for Demographics Address to be present on page.
2021-11-23 20:27:06,806 - rootLogger - INFO - Successfully clicked on Demographics Address element.
2021-11-23 20:27:06,872 - rootLogger - INFO - Successfully waited for Demographics Address: Street 1 to be present on page.
2021-11-23 20:27:07,122 - rootLogger - INFO - Successfully clicked on Demographics Address: Street 1 element.
2021-11-23 20:27:07,196 - rootLogger - INFO - Successfully waited for Demographics Address: Street 2 to be present on page.
2021-11-23 20:27:07,458 - rootLogger - INFO - Successfully clicked on Demographics Address: Street 2 element.
2021-11-23 20:27:07,632 - rootLogger - INFO - Successfully waited for Demographics Address: City to be present on page.
2021-11-23 20:27:07,882 - rootLogger - INFO - Successfully clicked on Demographics Address: City element.
2021-11-23 20:27:07,959 - rootLogger - INFO - Successfully waited for Demographics Address: Country to be present on page.
2021-11-23 20:27:08,205 - rootLogger - INFO - Successfully clicked on Demographics Address: Country element.
2021-11-23 20:27:08,293 - rootLogger - INFO - Successfully waited for Demographics Address: State to be present on page.
2021-11-23 20:27:08,550 - rootLogger - INFO - Successfully clicked on Demographics Address: State element.
2021-11-23 20:27:08,620 - rootLogger - INFO - Successfully waited for Demographics Address: ZIP to be present on page.
2021-11-23 20:27:08,906 - rootLogger - INFO - Successfully clicked on Demographics Address: ZIP element.
2021-11-23 20:27:08,985 - rootLogger - INFO - Successfully waited for Demographics Telephone/FAX to be present on page.
2021-11-23 20:27:09,205 - rootLogger - INFO - Successfully clicked on Demographics Telephone/FAX element.
2021-11-23 20:27:09,276 - rootLogger - INFO - Successfully waited for Demographics Telephone/FAX: Telephone to be present on page.
2021-11-23 20:27:09,540 - rootLogger - INFO - Successfully clicked on Demographics Telephone/FAX: Telephone element.
2021-11-23 20:27:09,614 - rootLogger - INFO - Successfully waited for Demographics Telephone/FAX: Extension to be present on page.
2021-11-23 20:27:09,881 - rootLogger - INFO - Successfully clicked on Demographics Telephone/FAX: Extension element.
2021-11-23 20:27:09,963 - rootLogger - INFO - Successfully waited for Demographics Telephone/FAX: Fax to be present on page.
2021-11-23 20:27:10,264 - rootLogger - INFO - Successfully clicked on Demographics Telephone/FAX: Fax element.
2021-11-23 20:27:10,362 - rootLogger - INFO - Successfully waited for Demographics Email Address to be present on page.
2021-11-23 20:27:10,634 - rootLogger - INFO - Successfully clicked on Demographics Email Address element.
2021-11-23 20:27:10,703 - rootLogger - INFO - Successfully waited for Demographics Require to re-enter email address to be present on page.
2021-11-23 20:27:10,929 - rootLogger - INFO - Successfully clicked on Demographics Require to re-enter email address element.
2021-11-23 20:27:11,011 - rootLogger - INFO - Successfully waited for Save Button to be present on page.
2021-11-23 20:27:11,249 - rootLogger - INFO - Successfully clicked on Save Button element.
2021-11-23 20:27:13,380 - rootLogger - INFO - Successfully waited for loader to disappear.
2021-11-23 20:27:13,585 - rootLogger - INFO - Successfully waited for Demographics Label Added Please fill below information. to be present on page.
2021-11-23 20:27:13,634 - rootLogger - INFO - Successfully waited for Demographics Added Please fill below information. to be present on page.
2021-11-23 20:27:13,699 - rootLogger - INFO - Successfully waited for Rating Scale Button to be present on page.
2021-11-23 20:27:13,971 - rootLogger - INFO - Successfully double clicked on Rating Scale Button element.
2021-11-23 20:27:15,834 - rootLogger - INFO - Successfully waited for loader to disappear.
2021-11-23 20:27:16,147 - rootLogger - INFO - Successfully waited for Iframe Button to be present on page.
2021-11-23 20:27:16,403 - rootLogger - INFO - Successfully waited for Description Text Input to be present on page.
2021-11-23 20:27:16,656 - rootLogger - INFO - Successfully entered How likely is it that you would recommend our company to a friend or colleague? in Description Text Input textbox.
2021-11-23 20:27:17,756 - rootLogger - INFO - Successfully waited for Show N/A option to be present on page.
2021-11-23 20:27:18,973 - rootLogger - INFO - Successfully clicked on Show N/A option element.
2021-11-23 20:27:19,562 - rootLogger - INFO - Successfully waited for Show scale in reverse order to be present on page.
2021-11-23 20:27:20,799 - rootLogger - INFO - Successfully clicked on Show scale in reverse order element.
2021-11-23 20:27:21,388 - rootLogger - INFO - Successfully waited for Show participant rating field to be present on page.
2021-11-23 20:27:21,603 - rootLogger - INFO - Successfully clicked on Show participant rating field element.
2021-11-23 20:27:22,744 - rootLogger - INFO - Successfully waited for Save Button to be present on page.
2021-11-23 20:27:23,920 - rootLogger - INFO - Successfully clicked on Save Button element.
2021-11-23 20:27:26,684 - rootLogger - INFO - Successfully waited for loader to disappear.
2021-11-23 20:27:26,734 - rootLogger - INFO - Successfully waited for loader to disappear.
2021-11-23 20:27:26,785 - rootLogger - INFO - Successfully waited for Rating Scale Added How likely is it that you would recommend our company to a friend or colleague? to be present on page.
2021-11-23 20:27:26,828 - rootLogger - INFO - Successfully waited for Rating Scale Added How likely is it that you would recommend our company to a friend or colleague? to be present on page.
2021-11-23 20:27:26,917 - rootLogger - INFO - Successfully waited for Symbol Rating Scale Button to be present on page.
2021-11-23 20:27:27,215 - rootLogger - INFO - Successfully double clicked on Symbol Rating Scale Button element.
2021-11-23 20:27:29,853 - rootLogger - INFO - Successfully waited for loader to disappear.
2021-11-23 20:27:30,668 - rootLogger - INFO - Successfully waited for Iframe Button to be present on page.
2021-11-23 20:27:30,772 - rootLogger - INFO - Successfully waited for Description Text Input to be present on page.
2021-11-23 20:27:31,049 - rootLogger - INFO - Successfully entered Please indicate the extent to which you agree with the following statements. in Description Text Input textbox.
2021-11-23 20:27:31,131 - rootLogger - INFO - Successfully waited for Increase SRS Question Button to be present on page.
2021-11-23 20:27:31,565 - rootLogger - INFO - Successfully clicked on Increase SRS Question Button element.
2021-11-23 20:27:32,475 - rootLogger - INFO - Successfully clicked on Increase SRS Question Button element.
2021-11-23 20:27:33,390 - rootLogger - INFO - Successfully clicked on Increase SRS Question Button element.
2021-11-23 20:27:34,310 - rootLogger - INFO - Successfully clicked on Increase SRS Question Button element.
2021-11-23 20:27:35,251 - rootLogger - INFO - Successfully clicked on Increase SRS Question Button element.
2021-11-23 20:27:35,846 - rootLogger - INFO - Successfully waited for Sub Question 1 to be present on page.
2021-11-23 20:27:36,189 - rootLogger - INFO - Successfully entered The company clearly conveys its mission to its employees. in Sub Question 1 textbox.
2021-11-23 20:27:36,780 - rootLogger - INFO - Successfully waited for Sub Question 1 Scale to be present on page.
2021-11-23 20:27:37,487 - rootLogger - INFO - Successfully waited for Sub Question 2 to be present on page.
2021-11-23 20:27:37,797 - rootLogger - INFO - Successfully entered There is good communication from managers to employees. in Sub Question 2 textbox.
2021-11-23 20:27:38,392 - rootLogger - INFO - Successfully waited for Sub Question 2 Scale to be present on page.
2021-11-23 20:27:39,668 - rootLogger - INFO - Successfully waited for Sub Question 3 to be present on page.
2021-11-23 20:27:39,945 - rootLogger - INFO - Successfully entered I have the tools and resources I need to do my job.  in Sub Question 3 textbox.
2021-11-23 20:27:40,537 - rootLogger - INFO - Successfully waited for Sub Question 3 Scale to be present on page.
2021-11-23 20:27:41,794 - rootLogger - INFO - Successfully waited for Sub Question 4 to be present on page.
2021-11-23 20:27:42,119 - rootLogger - INFO - Successfully entered I have the training I need to do my job.  in Sub Question 4 textbox.
2021-11-23 20:27:42,734 - rootLogger - INFO - Successfully waited for Sub Question 4 Scale to be present on page.
2021-11-23 20:27:44,008 - rootLogger - INFO - Successfully waited for Sub Question 5 to be present on page.
2021-11-23 20:27:44,238 - rootLogger - INFO - Successfully entered I feel underutilized in my job.  in Sub Question 5 textbox.
2021-11-23 20:27:44,823 - rootLogger - INFO - Successfully waited for Sub Question 5 Scale to be present on page.
2021-11-23 20:27:46,073 - rootLogger - INFO - Successfully waited for Sub Question 6 to be present on page.
2021-11-23 20:27:46,346 - rootLogger - INFO - Successfully entered The amount of work expected of me is reasonable.  in Sub Question 6 textbox.
2021-11-23 20:27:46,949 - rootLogger - INFO - Successfully waited for Sub Question 6 Scale to be present on page.
2021-11-23 20:27:48,234 - rootLogger - INFO - Successfully waited for Save Button to be present on page.
2021-11-23 20:27:48,536 - rootLogger - INFO - Successfully clicked on Save Button element.
2021-11-23 20:27:51,450 - rootLogger - INFO - Successfully waited for loader to disappear.
2021-11-23 20:27:51,510 - rootLogger - INFO - Successfully waited for Symbol Rating Scale Added Please indicate the extent to which you agree with the following statements. to be present on page.
2021-11-23 20:27:51,560 - rootLogger - INFO - Successfully waited for Symbol Rating Scale Added Please indicate the extent to which you agree with the following statements. to be present on page.
2021-11-23 20:27:51,623 - rootLogger - INFO - Successfully waited for Like/Dislike Button to be present on page.
2021-11-23 20:27:51,908 - rootLogger - INFO - Successfully double clicked on Like/Dislike Button element.
2021-11-23 20:27:53,700 - rootLogger - INFO - Successfully waited for loader to disappear.
2021-11-23 20:27:54,365 - rootLogger - INFO - Successfully waited for Iframe Button to be present on page.
2021-11-23 20:27:54,588 - rootLogger - INFO - Successfully waited for Description Text Input to be present on page.
2021-11-23 20:27:54,869 - rootLogger - INFO - Successfully entered Do you use THE PRODUCT all of the time or rarely when PERFORMING THE FUNCTION FOR WHICH ITS DESIGNED? in Description Text Input textbox.
2021-11-23 20:27:54,947 - rootLogger - INFO - Successfully waited for Save Button to be present on page.
2021-11-23 20:27:55,141 - rootLogger - INFO - Successfully clicked on Save Button element.
2021-11-23 20:27:57,448 - rootLogger - INFO - Successfully waited for loader to disappear.
2021-11-23 20:27:57,486 - rootLogger - INFO - Successfully waited for loader to disappear.
2021-11-23 20:27:57,539 - rootLogger - INFO - Successfully waited for Like/Dislike Added Do you use THE PRODUCT all of the time or rarely when PERFORMING THE FUNCTION FOR WHICH ITS DESIGNED? to be present on page.
2021-11-23 20:27:57,596 - rootLogger - INFO - Successfully waited for Like/Dislike Added Do you use THE PRODUCT all of the time or rarely when PERFORMING THE FUNCTION FOR WHICH ITS DESIGNED? to be present on page.
2021-11-23 20:27:58,700 - rootLogger - INFO - Successfully waited for Ranking Button to be present on page.
2021-11-23 20:27:58,987 - rootLogger - INFO - Successfully double clicked on Ranking Button element.
2021-11-23 20:28:00,370 - rootLogger - INFO - Successfully waited for loader to disappear.
2021-11-23 20:28:00,952 - rootLogger - INFO - Successfully waited for Iframe Button to be present on page.
2021-11-23 20:28:31,342 - rootLogger - INFO - Description Text Input not present on page.
